TN:
SF:src/agents/analyst.ts
FN:18,(anonymous_0)
FN:22,(anonymous_1)
FN:41,(anonymous_2)
FN:97,(anonymous_3)
FNF:4
FNH:3
FNDA:1,(anonymous_0)
FNDA:1,(anonymous_1)
FNDA:0,(anonymous_2)
FNDA:1,(anonymous_3)
DA:7,1
DA:15,1
DA:16,1
DA:19,1
DA:23,1
DA:41,0
DA:98,1
DA:99,1
DA:100,0
DA:103,1
DA:105,1
LF:11
LH:9
BRDA:41,0,0,1
BRDA:41,0,1,1
BRDA:43,1,0,1
BRDA:43,1,1,0
BRDA:99,2,0,0
BRDA:112,3,0,1
BRDA:112,3,1,0
BRDA:113,4,0,1
BRDA:113,4,1,0
BRDA:114,5,0,1
BRDA:114,5,1,0
BRF:11
BRH:6
end_of_record
TN:
SF:src/agents/base.ts
FN:25,(anonymous_0)
FN:42,(anonymous_1)
FN:66,(anonymous_2)
FN:75,(anonymous_3)
FN:78,(anonymous_4)
FNF:5
FNH:3
FNDA:6,(anonymous_0)
FNDA:4,(anonymous_1)
FNDA:1,(anonymous_2)
FNDA:0,(anonymous_3)
FNDA:0,(anonymous_4)
DA:19,1
DA:26,6
DA:43,4
DA:45,4
DA:50,4
DA:53,4
DA:54,4
DA:58,4
DA:60,4
DA:67,1
DA:69,1
DA:75,0
DA:78,0
LF:13
LH:11
BRDA:67,0,0,0
BRDA:72,1,0,1
BRDA:72,1,1,1
BRDA:75,2,0,1
BRDA:75,2,1,1
BRDA:78,3,0,1
BRDA:78,3,1,1
BRDA:80,4,0,1
BRDA:80,4,1,1
BRF:9
BRH:8
end_of_record
TN:
SF:src/agents/coder.ts
FN:18,(anonymous_0)
FN:22,(anonymous_1)
FN:23,(anonymous_2)
FN:34,(anonymous_3)
FN:73,(anonymous_4)
FN:104,(anonymous_5)
FNF:6
FNH:1
FNDA:1,(anonymous_0)
FNDA:0,(anonymous_1)
FNDA:0,(anonymous_2)
FNDA:0,(anonymous_3)
FNDA:0,(anonymous_4)
FNDA:0,(anonymous_5)
DA:7,1
DA:15,1
DA:16,1
DA:19,1
DA:23,0
DA:30,0
DA:34,0
DA:46,0
DA:73,0
DA:105,0
DA:106,0
DA:107,0
DA:110,0
DA:112,0
LF:14
LH:4
BRDA:30,0,0,0
BRDA:30,0,1,0
BRDA:38,1,0,0
BRDA:38,1,1,0
BRDA:80,2,0,0
BRDA:80,2,1,0
BRDA:106,3,0,0
BRDA:116,4,0,0
BRDA:116,4,1,0
BRDA:117,5,0,0
BRDA:117,5,1,0
BRF:11
BRH:0
end_of_record
TN:
SF:src/agents/critic.ts
FN:18,(anonymous_0)
FN:22,(anonymous_1)
FN:51,(anonymous_2)
FN:62,(anonymous_3)
FN:106,(anonymous_4)
FN:114,(anonymous_5)
FN:115,(anonymous_6)
FNF:7
FNH:3
FNDA:1,(anonymous_0)
FNDA:1,(anonymous_1)
FNDA:0,(anonymous_2)
FNDA:0,(anonymous_3)
FNDA:1,(anonymous_4)
FNDA:0,(anonymous_5)
FNDA:0,(anonymous_6)
DA:7,1
DA:15,1
DA:16,1
DA:19,1
DA:23,1
DA:51,0
DA:62,0
DA:107,1
DA:108,1
DA:109,0
DA:112,1
DA:114,1
DA:115,1
DA:117,1
LF:14
LH:11
BRDA:51,0,0,1
BRDA:51,0,1,1
BRDA:65,1,0,0
BRDA:65,1,1,0
BRDA:70,2,0,1
BRDA:70,2,1,1
BRDA:72,3,0,1
BRDA:72,3,1,1
BRDA:108,4,0,0
BRDA:115,5,0,1
BRDA:115,5,1,1
BRDA:121,6,0,1
BRDA:121,6,1,1
BRDA:121,6,2,1
BRDA:123,7,0,1
BRDA:123,7,1,0
BRDA:124,8,0,1
BRDA:124,8,1,0
BRF:18
BRH:13
end_of_record
TN:
SF:src/agents/index.ts
FN:4,(anonymous_4)
FN:5,(anonymous_5)
FN:6,(anonymous_6)
FN:7,(anonymous_7)
FN:8,(anonymous_8)
FN:9,(anonymous_9)
FNF:6
FNH:6
FNDA:1,(anonymous_4)
FNDA:1,(anonymous_5)
FNDA:1,(anonymous_6)
FNDA:1,(anonymous_7)
FNDA:1,(anonymous_8)
FNDA:1,(anonymous_9)
DA:1,1
DA:2,1
DA:3,1
DA:4,2
DA:5,2
DA:6,2
DA:7,2
DA:8,2
DA:9,2
LF:9
LH:9
BRF:0
BRH:0
end_of_record
TN:
SF:src/agents/planner.ts
FN:19,(anonymous_0)
FN:23,(anonymous_1)
FN:108,(anonymous_2)
FNF:3
FNH:3
FNDA:1,(anonymous_0)
FNDA:1,(anonymous_1)
FNDA:1,(anonymous_2)
DA:7,1
DA:16,1
DA:17,1
DA:20,1
DA:24,1
DA:109,1
DA:110,1
DA:111,0
DA:114,1
DA:116,1
LF:10
LH:9
BRDA:53,0,0,1
BRDA:53,0,1,0
BRDA:110,1,0,0
BRF:3
BRH:1
end_of_record
TN:
SF:src/agents/registry.ts
FN:24,(anonymous_0)
FN:33,(anonymous_1)
FN:40,(anonymous_2)
FN:59,(anonymous_3)
FN:66,(anonymous_4)
FNF:5
FNH:3
FNDA:1,(anonymous_0)
FNDA:6,(anonymous_1)
FNDA:4,(anonymous_2)
FNDA:0,(anonymous_3)
FNDA:0,(anonymous_4)
DA:20,1
DA:21,1
DA:25,1
DA:34,6
DA:44,4
DA:45,4
DA:46,0
DA:49,4
DA:50,4
DA:51,4
DA:53,4
DA:60,0
DA:67,0
LF:13
LH:10
BRDA:45,0,0,0
BRF:1
BRH:0
end_of_record
TN:
SF:src/agents/reviewer.ts
FN:19,(anonymous_0)
FN:23,(anonymous_1)
FN:24,(anonymous_2)
FN:32,(anonymous_3)
FN:121,(anonymous_4)
FN:129,(anonymous_5)
FN:130,(anonymous_6)
FNF:7
FNH:1
FNDA:1,(anonymous_0)
FNDA:0,(anonymous_1)
FNDA:0,(anonymous_2)
FNDA:0,(anonymous_3)
FNDA:0,(anonymous_4)
FNDA:0,(anonymous_5)
FNDA:0,(anonymous_6)
DA:7,1
DA:16,1
DA:17,1
DA:20,1
DA:24,0
DA:32,0
DA:34,0
DA:122,0
DA:123,0
DA:124,0
DA:127,0
DA:129,0
DA:130,0
DA:132,0
LF:14
LH:4
BRDA:28,0,0,0
BRDA:28,0,1,0
BRDA:123,1,0,0
BRDA:136,2,0,0
BRDA:136,2,1,0
BRDA:136,2,2,0
BRDA:137,3,0,0
BRDA:137,3,1,0
BRDA:138,4,0,0
BRDA:138,4,1,0
BRDA:139,5,0,0
BRDA:139,5,1,0
BRF:12
BRH:0
end_of_record
TN:
SF:src/agents/solver.ts
FN:18,(anonymous_0)
FN:22,(anonymous_1)
FN:27,(anonymous_2)
FN:46,(anonymous_3)
FN:68,(anonymous_4)
FN:105,(anonymous_5)
FNF:6
FNH:3
FNDA:1,(anonymous_0)
FNDA:1,(anonymous_1)
FNDA:0,(anonymous_2)
FNDA:0,(anonymous_3)
FNDA:0,(anonymous_4)
FNDA:1,(anonymous_5)
DA:7,1
DA:15,1
DA:16,1
DA:19,1
DA:23,1
DA:27,0
DA:39,1
DA:46,0
DA:50,1
DA:68,0
DA:106,1
DA:107,1
DA:108,0
DA:111,1
DA:113,1
LF:15
LH:11
BRDA:23,0,0,0
BRDA:23,0,1,1
BRDA:39,1,0,0
BRDA:39,1,1,1
BRDA:41,2,0,0
BRDA:41,2,1,0
BRDA:68,3,0,1
BRDA:68,3,1,1
BRDA:107,4,0,0
BRF:9
BRH:4
end_of_record
TN:
SF:src/context/ccq-engine-retriever.ts
FN:15,(anonymous_9)
FN:19,(anonymous_10)
FN:32,(anonymous_11)
FN:51,(anonymous_12)
FN:53,(anonymous_13)
FNF:5
FNH:2
FNDA:1,(anonymous_9)
FNDA:1,(anonymous_10)
FNDA:0,(anonymous_11)
FNDA:0,(anonymous_12)
FNDA:0,(anonymous_13)
DA:7,1
DA:9,1
DA:10,1
DA:12,1
DA:13,1
DA:15,1
DA:16,1
DA:20,1
DA:21,1
DA:22,1
DA:25,0
DA:26,0
DA:32,0
DA:39,0
DA:44,0
DA:45,0
DA:52,0
DA:53,0
DA:55,0
LF:19
LH:10
BRDA:20,0,0,1
BRDA:28,1,0,0
BRDA:28,1,1,0
BRDA:36,2,0,0
BRDA:36,2,1,0
BRDA:41,3,0,0
BRDA:41,3,1,0
BRF:7
BRH:1
end_of_record
TN:
SF:src/context/factory.ts
FN:17,(anonymous_0)
FN:39,(anonymous_1)
FNF:2
FNH:1
FNDA:2,(anonymous_0)
FNDA:0,(anonymous_1)
DA:8,1
DA:9,1
DA:11,1
DA:12,1
DA:18,2
DA:19,1
DA:22,1
DA:23,1
DA:25,1
DA:26,1
DA:27,1
DA:29,0
DA:30,0
DA:33,1
DA:40,0
LF:15
LH:12
BRDA:18,0,0,1
BRDA:25,1,0,1
BRDA:25,1,1,0
BRF:3
BRH:2
end_of_record
TN:
SF:src/context/index.ts
FN:5,(anonymous_4)
FNF:1
FNH:1
FNDA:2,(anonymous_4)
DA:1,1
DA:2,1
DA:3,1
DA:4,1
DA:5,3
LF:5
LH:5
BRF:0
BRH:0
end_of_record
TN:
SF:src/context/retriever.ts
FN:30,(anonymous_0)
FNF:1
FNH:1
FNDA:1,(anonymous_0)
DA:16,1
DA:31,1
LF:2
LH:2
BRF:0
BRH:0
end_of_record
TN:
SF:src/context/simple-retriever.ts
FN:14,(anonymous_9)
FN:18,(anonymous_10)
FN:20,(anonymous_11)
FN:60,(anonymous_12)
FN:64,(anonymous_13)
FN:68,(anonymous_14)
FN:77,(anonymous_15)
FN:96,(anonymous_16)
FN:101,(anonymous_17)
FN:112,(anonymous_18)
FN:113,(anonymous_19)
FN:127,(anonymous_20)
FNF:12
FNH:0
FNDA:0,(anonymous_9)
FNDA:0,(anonymous_10)
FNDA:0,(anonymous_11)
FNDA:0,(anonymous_12)
FNDA:0,(anonymous_13)
FNDA:0,(anonymous_14)
FNDA:0,(anonymous_15)
FNDA:0,(anonymous_16)
FNDA:0,(anonymous_17)
FNDA:0,(anonymous_18)
FNDA:0,(anonymous_19)
FNDA:0,(anonymous_20)
DA:7,1
DA:8,1
DA:9,1
DA:11,1
DA:12,0
DA:14,0
DA:15,0
DA:19,0
DA:20,0
DA:22,0
DA:25,0
DA:26,0
DA:27,0
DA:28,0
DA:31,0
DA:35,0
DA:38,0
DA:39,0
DA:40,0
DA:41,0
DA:43,0
DA:44,0
DA:45,0
DA:47,0
DA:60,0
DA:62,0
DA:64,0
DA:69,0
DA:70,0
DA:71,0
DA:73,0
DA:78,0
DA:80,0
DA:81,0
DA:83,0
DA:84,0
DA:85,0
DA:86,0
DA:88,0
DA:89,0
DA:93,0
DA:97,0
DA:101,0
DA:102,0
DA:109,0
DA:113,0
DA:114,0
DA:115,0
DA:117,0
DA:124,0
DA:128,0
DA:141,0
LF:52
LH:4
BRDA:25,0,0,0
BRDA:25,0,1,0
BRDA:25,1,0,0
BRDA:25,1,1,0
BRDA:43,2,0,0
BRDA:60,3,0,0
BRDA:60,3,1,0
BRDA:60,4,0,0
BRDA:60,4,1,0
BRDA:78,5,0,0
BRDA:85,6,0,0
BRDA:97,7,0,0
BRDA:97,7,1,0
BRDA:141,8,0,0
BRDA:141,8,1,0
BRF:15
BRH:0
end_of_record
TN:
SF:src/llm/client.ts
FN:24,(anonymous_0)
FN:41,(anonymous_1)
FN:54,(anonymous_2)
FN:61,(anonymous_3)
FN:83,(anonymous_4)
FN:100,(anonymous_5)
FN:113,(anonymous_6)
FN:115,(anonymous_7)
FN:158,(anonymous_8)
FN:175,(anonymous_9)
FN:192,(anonymous_10)
FN:193,(anonymous_11)
FN:212,(anonymous_12)
FN:228,(anonymous_13)
FN:230,(anonymous_14)
FN:231,(anonymous_15)
FN:235,(anonymous_16)
FN:250,(anonymous_17)
FN:281,(anonymous_18)
FN:298,(anonymous_19)
FN:323,(anonymous_20)
FN:346,(anonymous_21)
FNF:22
FNH:0
FNDA:0,(anonymous_0)
FNDA:0,(anonymous_1)
FNDA:0,(anonymous_2)
FNDA:0,(anonymous_3)
FNDA:0,(anonymous_4)
FNDA:0,(anonymous_5)
FNDA:0,(anonymous_6)
FNDA:0,(anonymous_7)
FNDA:0,(anonymous_8)
FNDA:0,(anonymous_9)
FNDA:0,(anonymous_10)
FNDA:0,(anonymous_11)
FNDA:0,(anonymous_12)
FNDA:0,(anonymous_13)
FNDA:0,(anonymous_14)
FNDA:0,(anonymous_15)
FNDA:0,(anonymous_16)
FNDA:0,(anonymous_17)
FNDA:0,(anonymous_18)
FNDA:0,(anonymous_19)
FNDA:0,(anonymous_20)
FNDA:0,(anonymous_21)
DA:7,1
DA:21,1
DA:26,0
DA:42,0
DA:48,0
DA:55,0
DA:63,0
DA:69,0
DA:72,0
DA:73,0
DA:74,0
DA:75,0
DA:77,0
DA:80,0
DA:82,0
DA:83,0
DA:84,0
DA:87,0
DA:91,0
DA:101,0
DA:102,0
DA:106,0
DA:107,0
DA:114,0
DA:115,0
DA:117,0
DA:118,0
DA:119,0
DA:120,0
DA:122,0
DA:129,0
DA:131,0
DA:132,0
DA:133,0
DA:141,0
DA:142,0
DA:145,0
DA:147,0
DA:148,0
DA:151,0
DA:159,0
DA:161,0
DA:164,0
DA:166,0
DA:168,0
DA:176,0
DA:178,0
DA:181,0
DA:183,0
DA:185,0
DA:193,0
DA:198,0
DA:213,0
DA:230,0
DA:231,0
DA:233,0
DA:235,0
DA:251,0
DA:256,0
DA:259,0
DA:261,0
DA:262,0
DA:263,0
DA:267,0
DA:268,0
DA:269,0
DA:270,0
DA:272,0
DA:275,0
DA:282,0
DA:284,0
DA:287,0
DA:289,0
DA:291,0
DA:299,0
DA:300,0
DA:301,0
DA:304,0
DA:305,0
DA:307,0
DA:324,0
DA:325,0
DA:326,0
DA:329,0
DA:347,0
DA:348,0
DA:351,0
DA:352,0
DA:353,0
DA:356,0
LF:90
LH:2
BRDA:29,0,0,0
BRDA:29,0,1,0
BRDA:30,1,0,0
BRDA:30,1,1,0
BRDA:31,2,0,0
BRDA:31,2,1,0
BRDA:32,3,0,0
BRDA:32,3,1,0
BRDA:33,4,0,0
BRDA:33,4,1,0
BRDA:33,5,0,0
BRDA:33,5,1,0
BRDA:34,6,0,0
BRDA:34,6,1,0
BRDA:77,7,0,0
BRDA:77,7,1,0
BRDA:80,8,0,0
BRDA:80,9,0,0
BRDA:80,9,1,0
BRDA:101,10,0,0
BRDA:107,11,0,0
BRDA:107,11,1,0
BRDA:131,12,0,0
BRDA:147,13,0,0
BRDA:147,14,0,0
BRDA:147,14,1,0
BRDA:159,15,0,0
BRDA:159,15,1,0
BRDA:159,15,2,0
BRDA:159,15,3,0
BRDA:159,15,4,0
BRDA:176,16,0,0
BRDA:176,16,1,0
BRDA:176,16,2,0
BRDA:176,16,3,0
BRDA:176,16,4,0
BRDA:194,17,0,0
BRDA:194,17,1,0
BRDA:240,18,0,0
BRDA:240,18,1,0
BRDA:256,19,0,0
BRDA:256,19,1,0
BRDA:256,19,2,0
BRDA:256,19,3,0
BRDA:256,19,4,0
BRDA:268,20,0,0
BRDA:282,21,0,0
BRDA:282,21,1,0
BRDA:282,21,2,0
BRDA:282,21,3,0
BRDA:282,21,4,0
BRDA:300,22,0,0
BRDA:304,23,0,0
BRDA:304,23,1,0
BRDA:311,24,0,0
BRDA:311,24,1,0
BRDA:312,25,0,0
BRDA:312,25,1,0
BRDA:313,26,0,0
BRDA:313,26,1,0
BRDA:313,27,0,0
BRDA:313,27,1,0
BRDA:315,28,0,0
BRDA:315,28,1,0
BRDA:325,29,0,0
BRDA:330,30,0,0
BRDA:330,30,1,0
BRDA:333,31,0,0
BRDA:333,31,1,0
BRDA:334,32,0,0
BRDA:334,32,1,0
BRDA:335,33,0,0
BRDA:335,33,1,0
BRDA:347,34,0,0
BRDA:348,35,0,0
BRDA:348,35,1,0
BRDA:352,36,0,0
BRDA:352,37,0,0
BRDA:352,37,1,0
BRDA:360,38,0,0
BRDA:360,38,1,0
BRDA:361,39,0,0
BRDA:361,39,1,0
BRDA:362,40,0,0
BRDA:362,40,1,0
BRDA:362,41,0,0
BRDA:362,41,1,0
BRDA:364,42,0,0
BRDA:364,42,1,0
BRF:89
BRH:0
end_of_record
TN:
SF:src/llm/types.ts
FN:181,(anonymous_0)
FNF:1
FNH:0
FNDA:0,(anonymous_0)
DA:180,1
DA:183,0
DA:184,0
DA:185,0
DA:187,0
DA:188,0
DA:195,1
DA:203,1
DA:211,1
LF:9
LH:4
BRF:0
BRH:0
end_of_record
TN:
SF:src/memory/manager.ts
FN:18,(anonymous_9)
FN:25,(anonymous_10)
FN:35,(anonymous_11)
FN:39,(anonymous_12)
FN:43,(anonymous_13)
FN:48,(anonymous_14)
FN:55,(anonymous_15)
FN:67,(anonymous_16)
FN:71,(anonymous_17)
FN:75,(anonymous_18)
FN:80,(anonymous_19)
FN:84,(anonymous_20)
FN:88,(anonymous_21)
FN:91,(anonymous_22)
FN:99,(anonymous_23)
FNF:15
FNH:6
FNDA:1,(anonymous_9)
FNDA:1,(anonymous_10)
FNDA:5,(anonymous_11)
FNDA:1,(anonymous_12)
FNDA:0,(anonymous_13)
FNDA:9,(anonymous_14)
FNDA:0,(anonymous_15)
FNDA:0,(anonymous_16)
FNDA:0,(anonymous_17)
FNDA:0,(anonymous_18)
FNDA:0,(anonymous_19)
FNDA:0,(anonymous_20)
FNDA:0,(anonymous_21)
FNDA:0,(anonymous_22)
FNDA:9,(anonymous_23)
DA:7,1
DA:10,1
DA:12,1
DA:19,1
DA:20,1
DA:21,1
DA:22,1
DA:26,1
DA:36,5
DA:40,1
DA:44,0
DA:45,0
DA:49,9
DA:50,9
DA:51,9
DA:52,9
DA:56,0
DA:57,0
DA:58,0
DA:59,0
DA:60,0
DA:61,0
DA:63,0
DA:68,0
DA:72,0
DA:76,0
DA:77,0
DA:81,0
DA:85,0
DA:89,0
DA:90,0
DA:91,0
DA:93,0
DA:94,0
DA:100,9
DA:101,9
LF:36
LH:16
BRDA:89,0,0,0
BRDA:89,1,0,0
BRDA:89,1,1,0
BRDA:93,2,0,0
BRF:4
BRH:0
end_of_record
TN:
SF:src/orchestrator/orchestrator.ts
FN:28,(anonymous_1)
FN:36,(anonymous_2)
FN:43,(anonymous_3)
FN:50,(anonymous_4)
FN:62,(anonymous_5)
FN:92,(anonymous_6)
FN:125,(anonymous_7)
FN:203,(anonymous_8)
FN:222,(anonymous_9)
FN:285,(anonymous_10)
FN:308,(anonymous_11)
FN:311,(anonymous_12)
FN:313,(anonymous_13)
FN:314,(anonymous_14)
FN:331,(anonymous_15)
FN:333,(anonymous_16)
FN:377,(anonymous_17)
FNF:17
FNH:11
FNDA:1,(anonymous_1)
FNDA:1,(anonymous_2)
FNDA:0,(anonymous_3)
FNDA:1,(anonymous_4)
FNDA:1,(anonymous_5)
FNDA:0,(anonymous_6)
FNDA:1,(anonymous_7)
FNDA:1,(anonymous_8)
FNDA:1,(anonymous_9)
FNDA:1,(anonymous_10)
FNDA:0,(anonymous_11)
FNDA:0,(anonymous_12)
FNDA:0,(anonymous_13)
FNDA:0,(anonymous_14)
FNDA:9,(anonymous_15)
FNDA:27,(anonymous_16)
FNDA:9,(anonymous_17)
DA:8,1
DA:11,1
DA:12,1
DA:13,1
DA:18,1
DA:20,1
DA:21,1
DA:29,1
DA:30,1
DA:37,1
DA:44,0
DA:51,1
DA:53,1
DA:54,1
DA:56,1
DA:63,1
DA:64,1
DA:65,1
DA:67,1
DA:69,1
DA:71,1
DA:73,1
DA:78,1
DA:80,1
DA:82,1
DA:84,1
DA:86,1
DA:93,0
DA:95,0
DA:97,0
DA:98,0
DA:99,0
DA:100,0
DA:103,0
DA:105,0
DA:106,0
DA:109,0
DA:110,0
DA:111,0
DA:112,0
DA:113,0
DA:114,0
DA:116,0
DA:119,0
DA:126,1
DA:128,1
DA:130,1
DA:132,1
DA:134,1
DA:135,1
DA:137,1
DA:138,1
DA:145,1
DA:146,0
DA:148,0
DA:150,0
DA:151,1
DA:152,0
DA:155,0
DA:157,0
DA:158,0
DA:160,0
DA:163,1
DA:167,1
DA:169,1
DA:177,1
DA:179,1
DA:181,1
DA:188,1
DA:189,1
DA:191,0
DA:194,1
DA:204,1
DA:206,1
DA:212,1
DA:214,1
DA:215,1
DA:216,1
DA:223,1
DA:225,1
DA:227,1
DA:228,1
DA:229,1
DA:232,0
DA:234,0
DA:235,0
DA:237,0
DA:239,0
DA:241,0
DA:249,0
DA:251,0
DA:258,0
DA:265,0
DA:267,0
DA:268,0
DA:270,0
DA:272,0
DA:273,0
DA:276,0
DA:279,0
DA:286,1
DA:288,1
DA:289,1
DA:290,1
DA:296,1
DA:298,1
DA:300,0
DA:301,0
DA:309,0
DA:310,0
DA:311,0
DA:312,0
DA:313,0
DA:314,0
DA:315,0
DA:318,0
DA:319,0
DA:325,0
DA:332,9
DA:333,27
DA:335,9
DA:336,0
DA:339,9
DA:340,1
DA:343,9
DA:345,9
DA:346,2
DA:349,2
DA:351,2
DA:352,0
DA:356,9
DA:357,9
DA:358,9
DA:360,9
DA:361,5
DA:362,0
DA:366,9
DA:367,0
DA:371,9
DA:372,9
DA:373,9
DA:374,9
DA:376,9
DA:377,9
DA:378,9
DA:383,9
DA:386,9
DA:387,0
LF:148
LH:87
BRDA:98,0,0,0
BRDA:109,1,0,0
BRDA:109,1,1,0
BRDA:111,2,0,0
BRDA:111,2,1,0
BRDA:113,3,0,0
BRDA:113,3,1,0
BRDA:140,4,0,1
BRDA:140,4,1,1
BRDA:145,5,0,0
BRDA:145,5,1,1
BRDA:148,6,0,0
BRDA:148,6,1,0
BRDA:151,7,0,0
BRDA:151,7,1,1
BRDA:157,8,0,0
BRDA:157,8,1,0
BRDA:171,9,0,1
BRDA:171,9,1,1
BRDA:184,10,0,1
BRDA:184,10,1,1
BRDA:188,11,0,1
BRDA:188,11,1,0
BRDA:227,12,0,1
BRDA:227,13,0,1
BRDA:227,13,1,1
BRDA:227,13,2,0
BRDA:267,14,0,0
BRDA:267,14,1,0
BRDA:289,15,0,1
BRDA:289,15,1,1
BRDA:312,16,0,0
BRDA:312,17,0,0
BRDA:312,17,1,0
BRDA:315,18,0,0
BRDA:315,18,1,0
BRDA:318,19,0,0
BRDA:335,20,0,0
BRDA:339,21,0,1
BRDA:345,22,0,2
BRDA:351,23,0,0
BRDA:356,24,0,9
BRDA:361,25,0,0
BRDA:366,26,0,0
BRDA:376,27,0,9
BRDA:386,28,0,0
BRF:46
BRH:18
end_of_record
TN:
SF:src/orchestrator/transitions.ts
FN:284,getTransitions
FN:285,(anonymous_1)
FNF:2
FNH:2
FNDA:9,getTransitions
FNDA:351,(anonymous_1)
DA:22,1
DA:284,1
DA:285,351
LF:3
LH:3
BRF:0
BRH:0
end_of_record
TN:
SF:src/orchestrator/user-interaction.ts
FN:19,(anonymous_1)
FN:34,(anonymous_2)
FN:49,(anonymous_3)
FN:65,(anonymous_4)
FN:84,(anonymous_5)
FN:100,(anonymous_6)
FNF:6
FNH:0
FNDA:0,(anonymous_1)
FNDA:0,(anonymous_2)
FNDA:0,(anonymous_3)
FNDA:0,(anonymous_4)
FNDA:0,(anonymous_5)
FNDA:0,(anonymous_6)
DA:7,1
DA:8,1
DA:14,1
DA:20,0
DA:28,0
DA:35,0
DA:43,0
DA:50,0
DA:59,0
DA:70,0
DA:71,0
DA:72,0
DA:73,0
DA:74,0
DA:75,0
DA:76,0
DA:78,0
DA:88,0
DA:89,0
DA:90,0
DA:91,0
DA:92,0
DA:94,0
DA:101,0
DA:103,0
DA:104,0
DA:106,0
LF:27
LH:3
BRDA:34,0,0,0
BRDA:103,1,0,0
BRDA:103,1,1,0
BRDA:103,2,0,0
BRDA:103,2,1,0
BRF:5
BRH:0
end_of_record
