{"/Users/yangke/Personal/own/FlowMem/src/utils/checks.js": {"path":"/Users/yangke/Personal/own/FlowMem/src/utils/checks.js","statementMap":{"0":{"start":{"line":1,"column":13},"end":{"line":1,"column":28}},"1":{"start":{"line":2,"column":11},"end":{"line":2,"column":30}},"2":{"start":{"line":4,"column":15},"end":{"line":15,"column":1}},"3":{"start":{"line":18,"column":22},"end":{"line":18,"column":70}},"4":{"start":{"line":20,"column":2},"end":{"line":26,"column":3}},"5":{"start":{"line":21,"column":4},"end":{"line":25,"column":6}},"6":{"start":{"line":28,"column":15},"end":{"line":28,"column":16}},"7":{"start":{"line":30,"column":2},"end":{"line":34,"column":4}},"8":{"start":{"line":38,"column":22},"end":{"line":38,"column":71}},"9":{"start":{"line":40,"column":2},"end":{"line":46,"column":3}},"10":{"start":{"line":41,"column":4},"end":{"line":45,"column":6}},"11":{"start":{"line":48,"column":2},"end":{"line":52,"column":4}},"12":{"start":{"line":56,"column":22},"end":{"line":56,"column":71}},"13":{"start":{"line":58,"column":2},"end":{"line":64,"column":3}},"14":{"start":{"line":59,"column":4},"end":{"line":63,"column":6}},"15":{"start":{"line":66,"column":2},"end":{"line":70,"column":4}},"16":{"start":{"line":74,"column":22},"end":{"line":74,"column":71}},"17":{"start":{"line":75,"column":2},"end":{"line":77,"column":3}},"18":{"start":{"line":76,"column":4},"end":{"line":76,"column":69}},"19":{"start":{"line":79,"column":18},"end":{"line":79,"column":57}},"20":{"start":{"line":80,"column":16},"end":{"line":80,"column":42}},"21":{"start":{"line":82,"column":2},"end":{"line":86,"column":4}},"22":{"start":{"line":90,"column":22},"end":{"line":90,"column":71}},"23":{"start":{"line":92,"column":2},"end":{"line":98,"column":3}},"24":{"start":{"line":93,"column":4},"end":{"line":97,"column":6}},"25":{"start":{"line":100,"column":18},"end":{"line":100,"column":57}},"26":{"start":{"line":101,"column":16},"end":{"line":101,"column":42}},"27":{"start":{"line":103,"column":17},"end":{"line":103,"column":68}},"28":{"start":{"line":105,"column":17},"end":{"line":105,"column":29}},"29":{"start":{"line":106,"column":19},"end":{"line":106,"column":30}},"30":{"start":{"line":108,"column":2},"end":{"line":113,"column":4}},"31":{"start":{"line":117,"column":19},"end":{"line":117,"column":69}},"32":{"start":{"line":119,"column":2},"end":{"line":125,"column":3}},"33":{"start":{"line":120,"column":4},"end":{"line":124,"column":6}},"34":{"start":{"line":127,"column":18},"end":{"line":127,"column":54}},"35":{"start":{"line":129,"column":16},"end":{"line":129,"column":61}},"36":{"start":{"line":130,"column":20},"end":{"line":130,"column":60}},"37":{"start":{"line":131,"column":21},"end":{"line":131,"column":62}},"38":{"start":{"line":132,"column":18},"end":{"line":132,"column":48}},"39":{"start":{"line":134,"column":2},"end":{"line":138,"column":4}},"40":{"start":{"line":142,"column":22},"end":{"line":142,"column":71}},"41":{"start":{"line":143,"column":19},"end":{"line":143,"column":69}},"42":{"start":{"line":145,"column":21},"end":{"line":145,"column":47}},"43":{"start":{"line":146,"column":18},"end":{"line":146,"column":41}},"44":{"start":{"line":148,"column":2},"end":{"line":152,"column":4}},"45":{"start":{"line":156,"column":22},"end":{"line":156,"column":71}},"46":{"start":{"line":158,"column":2},"end":{"line":164,"column":3}},"47":{"start":{"line":159,"column":4},"end":{"line":163,"column":6}},"48":{"start":{"line":166,"column":18},"end":{"line":166,"column":57}},"49":{"start":{"line":168,"column":23},"end":{"line":168,"column":58}},"50":{"start":{"line":170,"column":2},"end":{"line":174,"column":4}},"51":{"start":{"line":178,"column":22},"end":{"line":178,"column":71}},"52":{"start":{"line":179,"column":19},"end":{"line":179,"column":69}},"53":{"start":{"line":180,"column":21},"end":{"line":180,"column":67}},"54":{"start":{"line":182,"column":24},"end":{"line":182,"column":77}},"55":{"start":{"line":184,"column":2},"end":{"line":190,"column":3}},"56":{"start":{"line":185,"column":4},"end":{"line":189,"column":6}},"57":{"start":{"line":192,"column":18},"end":{"line":192,"column":85}},"58":{"start":{"line":193,"column":16},"end":{"line":193,"column":61}},"59":{"start":{"line":194,"column":20},"end":{"line":194,"column":60}},"60":{"start":{"line":196,"column":24},"end":{"line":196,"column":56}},"61":{"start":{"line":198,"column":2},"end":{"line":204,"column":3}},"62":{"start":{"line":199,"column":4},"end":{"line":203,"column":6}},"63":{"start":{"line":206,"column":21},"end":{"line":206,"column":46}},"64":{"start":{"line":208,"column":2},"end":{"line":212,"column":4}},"65":{"start":{"line":216,"column":22},"end":{"line":216,"column":57}},"66":{"start":{"line":218,"column":2},"end":{"line":224,"column":3}},"67":{"start":{"line":219,"column":4},"end":{"line":223,"column":6}},"68":{"start":{"line":226,"column":2},"end":{"line":230,"column":4}},"69":{"start":{"line":234,"column":18},"end":{"line":234,"column":35}},"70":{"start":{"line":235,"column":2},"end":{"line":237,"column":3}},"71":{"start":{"line":236,"column":4},"end":{"line":236,"column":44}},"72":{"start":{"line":239,"column":2},"end":{"line":239,"column":36}},"73":{"start":{"line":243,"column":18},"end":{"line":243,"column":20}},"74":{"start":{"line":245,"column":2},"end":{"line":247,"column":3}},"75":{"start":{"line":246,"column":4},"end":{"line":246,"column":47}},"76":{"start":{"line":249,"column":2},"end":{"line":249,"column":17}},"77":{"start":{"line":252,"column":0},"end":{"line":256,"column":2}}},"fnMap":{"0":{"name":"checkDebt","decl":{"start":{"line":17,"column":15},"end":{"line":17,"column":24}},"loc":{"start":{"line":17,"column":38},"end":{"line":35,"column":1}},"line":17},"1":{"name":"checkSync","decl":{"start":{"line":37,"column":15},"end":{"line":37,"column":24}},"loc":{"start":{"line":37,"column":38},"end":{"line":53,"column":1}},"line":37},"2":{"name":"checkProject","decl":{"start":{"line":55,"column":15},"end":{"line":55,"column":27}},"loc":{"start":{"line":55,"column":41},"end":{"line":71,"column":1}},"line":55},"3":{"name":"checkSize","decl":{"start":{"line":73,"column":15},"end":{"line":73,"column":24}},"loc":{"start":{"line":73,"column":38},"end":{"line":87,"column":1}},"line":73},"4":{"name":"checkRequestSize","decl":{"start":{"line":89,"column":15},"end":{"line":89,"column":31}},"loc":{"start":{"line":89,"column":45},"end":{"line":114,"column":1}},"line":89},"5":{"name":"checkTodo","decl":{"start":{"line":116,"column":15},"end":{"line":116,"column":24}},"loc":{"start":{"line":116,"column":38},"end":{"line":139,"column":1}},"line":116},"6":{"name":"checkActive","decl":{"start":{"line":141,"column":15},"end":{"line":141,"column":26}},"loc":{"start":{"line":141,"column":40},"end":{"line":153,"column":1}},"line":141},"7":{"name":"checkConfirmed","decl":{"start":{"line":155,"column":15},"end":{"line":155,"column":29}},"loc":{"start":{"line":155,"column":43},"end":{"line":175,"column":1}},"line":155},"8":{"name":"checkArchive","decl":{"start":{"line":177,"column":15},"end":{"line":177,"column":27}},"loc":{"start":{"line":177,"column":41},"end":{"line":213,"column":1}},"line":177},"9":{"name":"checkStructure","decl":{"start":{"line":215,"column":15},"end":{"line":215,"column":29}},"loc":{"start":{"line":215,"column":43},"end":{"line":231,"column":1}},"line":215},"10":{"name":"runCheck","decl":{"start":{"line":233,"column":15},"end":{"line":233,"column":23}},"loc":{"start":{"line":233,"column":48},"end":{"line":240,"column":1}},"line":233},"11":{"name":"runAllChecks","decl":{"start":{"line":242,"column":15},"end":{"line":242,"column":27}},"loc":{"start":{"line":242,"column":41},"end":{"line":250,"column":1}},"line":242}},"branchMap":{"0":{"loc":{"start":{"line":20,"column":2},"end":{"line":26,"column":3}},"type":"if","locations":[{"start":{"line":20,"column":2},"end":{"line":26,"column":3}},{"start":{},"end":{}}],"line":20},"1":{"loc":{"start":{"line":32,"column":13},"end":{"line":32,"column":65}},"type":"cond-expr","locations":[{"start":{"line":32,"column":24},"end":{"line":32,"column":44}},{"start":{"line":32,"column":47},"end":{"line":32,"column":65}}],"line":32},"2":{"loc":{"start":{"line":40,"column":2},"end":{"line":46,"column":3}},"type":"if","locations":[{"start":{"line":40,"column":2},"end":{"line":46,"column":3}},{"start":{},"end":{}}],"line":40},"3":{"loc":{"start":{"line":58,"column":2},"end":{"line":64,"column":3}},"type":"if","locations":[{"start":{"line":58,"column":2},"end":{"line":64,"column":3}},{"start":{},"end":{}}],"line":58},"4":{"loc":{"start":{"line":75,"column":2},"end":{"line":77,"column":3}},"type":"if","locations":[{"start":{"line":75,"column":2},"end":{"line":77,"column":3}},{"start":{},"end":{}}],"line":75},"5":{"loc":{"start":{"line":84,"column":13},"end":{"line":84,"column":81}},"type":"cond-expr","locations":[{"start":{"line":84,"column":28},"end":{"line":84,"column":44}},{"start":{"line":84,"column":47},"end":{"line":84,"column":81}}],"line":84},"6":{"loc":{"start":{"line":92,"column":2},"end":{"line":98,"column":3}},"type":"if","locations":[{"start":{"line":92,"column":2},"end":{"line":98,"column":3}},{"start":{},"end":{}}],"line":92},"7":{"loc":{"start":{"line":103,"column":18},"end":{"line":103,"column":60}},"type":"binary-expr","locations":[{"start":{"line":103,"column":18},"end":{"line":103,"column":54}},{"start":{"line":103,"column":58},"end":{"line":103,"column":60}}],"line":103},"8":{"loc":{"start":{"line":109,"column":10},"end":{"line":109,"column":28}},"type":"binary-expr","locations":[{"start":{"line":109,"column":10},"end":{"line":109,"column":16}},{"start":{"line":109,"column":20},"end":{"line":109,"column":28}}],"line":109},"9":{"loc":{"start":{"line":110,"column":13},"end":{"line":111,"column":54}},"type":"cond-expr","locations":[{"start":{"line":110,"column":34},"end":{"line":110,"column":50}},{"start":{"line":111,"column":13},"end":{"line":111,"column":54}}],"line":110},"10":{"loc":{"start":{"line":110,"column":13},"end":{"line":110,"column":31}},"type":"binary-expr","locations":[{"start":{"line":110,"column":13},"end":{"line":110,"column":19}},{"start":{"line":110,"column":23},"end":{"line":110,"column":31}}],"line":110},"11":{"loc":{"start":{"line":119,"column":2},"end":{"line":125,"column":3}},"type":"if","locations":[{"start":{"line":119,"column":2},"end":{"line":125,"column":3}},{"start":{},"end":{}}],"line":119},"12":{"loc":{"start":{"line":129,"column":17},"end":{"line":129,"column":53}},"type":"binary-expr","locations":[{"start":{"line":129,"column":17},"end":{"line":129,"column":47}},{"start":{"line":129,"column":51},"end":{"line":129,"column":53}}],"line":129},"13":{"loc":{"start":{"line":130,"column":21},"end":{"line":130,"column":52}},"type":"binary-expr","locations":[{"start":{"line":130,"column":21},"end":{"line":130,"column":46}},{"start":{"line":130,"column":50},"end":{"line":130,"column":52}}],"line":130},"14":{"loc":{"start":{"line":131,"column":22},"end":{"line":131,"column":54}},"type":"binary-expr","locations":[{"start":{"line":131,"column":22},"end":{"line":131,"column":48}},{"start":{"line":131,"column":52},"end":{"line":131,"column":54}}],"line":131},"15":{"loc":{"start":{"line":150,"column":13},"end":{"line":150,"column":56}},"type":"cond-expr","locations":[{"start":{"line":150,"column":37},"end":{"line":150,"column":46}},{"start":{"line":150,"column":49},"end":{"line":150,"column":56}}],"line":150},"16":{"loc":{"start":{"line":150,"column":13},"end":{"line":150,"column":34}},"type":"binary-expr","locations":[{"start":{"line":150,"column":13},"end":{"line":150,"column":23}},{"start":{"line":150,"column":27},"end":{"line":150,"column":34}}],"line":150},"17":{"loc":{"start":{"line":158,"column":2},"end":{"line":164,"column":3}},"type":"if","locations":[{"start":{"line":158,"column":2},"end":{"line":164,"column":3}},{"start":{},"end":{}}],"line":158},"18":{"loc":{"start":{"line":172,"column":13},"end":{"line":172,"column":57}},"type":"cond-expr","locations":[{"start":{"line":172,"column":28},"end":{"line":172,"column":41}},{"start":{"line":172,"column":44},"end":{"line":172,"column":57}}],"line":172},"19":{"loc":{"start":{"line":182,"column":24},"end":{"line":182,"column":77}},"type":"binary-expr","locations":[{"start":{"line":182,"column":24},"end":{"line":182,"column":50}},{"start":{"line":182,"column":54},"end":{"line":182,"column":77}}],"line":182},"20":{"loc":{"start":{"line":184,"column":2},"end":{"line":190,"column":3}},"type":"if","locations":[{"start":{"line":184,"column":2},"end":{"line":190,"column":3}},{"start":{},"end":{}}],"line":184},"21":{"loc":{"start":{"line":192,"column":18},"end":{"line":192,"column":85}},"type":"cond-expr","locations":[{"start":{"line":192,"column":44},"end":{"line":192,"column":80}},{"start":{"line":192,"column":83},"end":{"line":192,"column":85}}],"line":192},"22":{"loc":{"start":{"line":193,"column":17},"end":{"line":193,"column":53}},"type":"binary-expr","locations":[{"start":{"line":193,"column":17},"end":{"line":193,"column":47}},{"start":{"line":193,"column":51},"end":{"line":193,"column":53}}],"line":193},"23":{"loc":{"start":{"line":194,"column":21},"end":{"line":194,"column":52}},"type":"binary-expr","locations":[{"start":{"line":194,"column":21},"end":{"line":194,"column":46}},{"start":{"line":194,"column":50},"end":{"line":194,"column":52}}],"line":194},"24":{"loc":{"start":{"line":196,"column":24},"end":{"line":196,"column":56}},"type":"binary-expr","locations":[{"start":{"line":196,"column":24},"end":{"line":196,"column":33}},{"start":{"line":196,"column":37},"end":{"line":196,"column":56}}],"line":196},"25":{"loc":{"start":{"line":198,"column":2},"end":{"line":204,"column":3}},"type":"if","locations":[{"start":{"line":198,"column":2},"end":{"line":204,"column":3}},{"start":{},"end":{}}],"line":198},"26":{"loc":{"start":{"line":209,"column":10},"end":{"line":209,"column":38}},"type":"binary-expr","locations":[{"start":{"line":209,"column":10},"end":{"line":209,"column":24}},{"start":{"line":209,"column":28},"end":{"line":209,"column":38}}],"line":209},"27":{"loc":{"start":{"line":210,"column":13},"end":{"line":210,"column":46}},"type":"cond-expr","locations":[{"start":{"line":210,"column":26},"end":{"line":210,"column":32}},{"start":{"line":210,"column":35},"end":{"line":210,"column":46}}],"line":210},"28":{"loc":{"start":{"line":218,"column":2},"end":{"line":224,"column":3}},"type":"if","locations":[{"start":{"line":218,"column":2},"end":{"line":224,"column":3}},{"start":{},"end":{}}],"line":218},"29":{"loc":{"start":{"line":235,"column":2},"end":{"line":237,"column":3}},"type":"if","locations":[{"start":{"line":235,"column":2},"end":{"line":237,"column":3}},{"start":{},"end":{}}],"line":235}},"s":{"0":1,"1":1,"2":1,"3":1,"4":1,"5":1,"6":0,"7":0,"8":1,"9":1,"10":1,"11":0,"12":1,"13":1,"14":0,"15":1,"16":3,"17":3,"18":0,"19":3,"20":3,"21":3,"22":1,"23":1,"24":1,"25":0,"26":0,"27":0,"28":0,"29":0,"30":0,"31":2,"32":2,"33":1,"34":1,"35":1,"36":1,"37":1,"38":1,"39":1,"40":1,"41":1,"42":1,"43":1,"44":1,"45":3,"46":3,"47":1,"48":2,"49":2,"50":2,"51":1,"52":1,"53":1,"54":1,"55":1,"56":1,"57":0,"58":0,"59":0,"60":0,"61":0,"62":0,"63":0,"64":0,"65":3,"66":3,"67":1,"68":2,"69":7,"70":7,"71":0,"72":7,"73":1,"74":1,"75":10,"76":1,"77":1},"f":{"0":1,"1":1,"2":1,"3":3,"4":1,"5":2,"6":1,"7":3,"8":1,"9":3,"10":7,"11":1},"b":{"0":[1,0],"1":[0,0],"2":[1,0],"3":[0,1],"4":[0,3],"5":[2,1],"6":[1,0],"7":[0,0],"8":[0,0],"9":[0,0],"10":[0,0],"11":[1,1],"12":[1,0],"13":[1,0],"14":[1,0],"15":[0,1],"16":[1,1],"17":[1,2],"18":[1,1],"19":[1,1],"20":[1,0],"21":[0,0],"22":[0,0],"23":[0,0],"24":[0,0],"25":[0,0],"26":[0,0],"27":[0,0],"28":[1,2],"29":[0,7]},"_coverageSchema":"1a1c01bbd47fc00a2c39e90264f33305004495a9","hash":"90f2752c9d4f0f09b01da1bb815353bd434b4f38"}
,"/Users/yangke/Personal/own/FlowMem/src/utils/detect-adapter.js": {"path":"/Users/yangke/Personal/own/FlowMem/src/utils/detect-adapter.js","statementMap":{"0":{"start":{"line":1,"column":13},"end":{"line":1,"column":28}},"1":{"start":{"line":2,"column":11},"end":{"line":2,"column":30}},"2":{"start":{"line":4,"column":24},"end":{"line":14,"column":1}},"3":{"start":{"line":17,"column":2},"end":{"line":22,"column":3}},"4":{"start":{"line":18,"column":23},"end":{"line":18,"column":53}},"5":{"start":{"line":19,"column":4},"end":{"line":21,"column":5}},"6":{"start":{"line":20,"column":6},"end":{"line":20,"column":21}},"7":{"start":{"line":23,"column":2},"end":{"line":23,"column":23}},"8":{"start":{"line":26,"column":0},"end":{"line":26,"column":35}}},"fnMap":{"0":{"name":"detectAdapter","decl":{"start":{"line":16,"column":9},"end":{"line":16,"column":22}},"loc":{"start":{"line":16,"column":36},"end":{"line":24,"column":1}},"line":16}},"branchMap":{"0":{"loc":{"start":{"line":19,"column":4},"end":{"line":21,"column":5}},"type":"if","locations":[{"start":{"line":19,"column":4},"end":{"line":21,"column":5}},{"start":{},"end":{}}],"line":19}},"s":{"0":1,"1":1,"2":1,"3":9,"4":42,"5":42,"6":8,"7":1,"8":1},"f":{"0":9},"b":{"0":[8,34]},"_coverageSchema":"1a1c01bbd47fc00a2c39e90264f33305004495a9","hash":"bd14cf84994fb85e90f2d9a4cb36562ef0cbf2de"}
,"/Users/yangke/Personal/own/FlowMem/src/utils/file-ops.js": {"path":"/Users/yangke/Personal/own/FlowMem/src/utils/file-ops.js","statementMap":{"0":{"start":{"line":1,"column":13},"end":{"line":1,"column":28}},"1":{"start":{"line":2,"column":11},"end":{"line":2,"column":30}},"2":{"start":{"line":5,"column":28},"end":{"line":5,"column":35}},"3":{"start":{"line":7,"column":2},"end":{"line":9,"column":3}},"4":{"start":{"line":8,"column":4},"end":{"line":8,"column":40}},"5":{"start":{"line":11,"column":2},"end":{"line":11,"column":49}},"6":{"start":{"line":15,"column":28},"end":{"line":15,"column":35}},"7":{"start":{"line":17,"column":2},"end":{"line":19,"column":3}},"8":{"start":{"line":18,"column":4},"end":{"line":18,"column":40}},"9":{"start":{"line":21,"column":2},"end":{"line":21,"column":49}},"10":{"start":{"line":25,"column":2},"end":{"line":25,"column":26}},"11":{"start":{"line":28,"column":0},"end":{"line":32,"column":2}}},"fnMap":{"0":{"name":"copyDirectory","decl":{"start":{"line":4,"column":15},"end":{"line":4,"column":28}},"loc":{"start":{"line":4,"column":54},"end":{"line":12,"column":1}},"line":4},"1":{"name":"copyFile","decl":{"start":{"line":14,"column":15},"end":{"line":14,"column":23}},"loc":{"start":{"line":14,"column":49},"end":{"line":22,"column":1}},"line":14},"2":{"name":"ensureDir","decl":{"start":{"line":24,"column":15},"end":{"line":24,"column":24}},"loc":{"start":{"line":24,"column":30},"end":{"line":26,"column":1}},"line":24}},"branchMap":{"0":{"loc":{"start":{"line":4,"column":40},"end":{"line":4,"column":52}},"type":"default-arg","locations":[{"start":{"line":4,"column":50},"end":{"line":4,"column":52}}],"line":4},"1":{"loc":{"start":{"line":5,"column":10},"end":{"line":5,"column":23}},"type":"default-arg","locations":[{"start":{"line":5,"column":18},"end":{"line":5,"column":23}}],"line":5},"2":{"loc":{"start":{"line":7,"column":2},"end":{"line":9,"column":3}},"type":"if","locations":[{"start":{"line":7,"column":2},"end":{"line":9,"column":3}},{"start":{},"end":{}}],"line":7},"3":{"loc":{"start":{"line":7,"column":6},"end":{"line":7,"column":35}},"type":"binary-expr","locations":[{"start":{"line":7,"column":6},"end":{"line":7,"column":25}},{"start":{"line":7,"column":29},"end":{"line":7,"column":35}}],"line":7},"4":{"loc":{"start":{"line":14,"column":35},"end":{"line":14,"column":47}},"type":"default-arg","locations":[{"start":{"line":14,"column":45},"end":{"line":14,"column":47}}],"line":14},"5":{"loc":{"start":{"line":15,"column":10},"end":{"line":15,"column":23}},"type":"default-arg","locations":[{"start":{"line":15,"column":18},"end":{"line":15,"column":23}}],"line":15},"6":{"loc":{"start":{"line":17,"column":2},"end":{"line":19,"column":3}},"type":"if","locations":[{"start":{"line":17,"column":2},"end":{"line":19,"column":3}},{"start":{},"end":{}}],"line":17},"7":{"loc":{"start":{"line":17,"column":6},"end":{"line":17,"column":35}},"type":"binary-expr","locations":[{"start":{"line":17,"column":6},"end":{"line":17,"column":25}},{"start":{"line":17,"column":29},"end":{"line":17,"column":35}}],"line":17}},"s":{"0":1,"1":1,"2":2,"3":2,"4":1,"5":1,"6":3,"7":3,"8":1,"9":2,"10":2,"11":1},"f":{"0":2,"1":3,"2":2},"b":{"0":[2],"1":[2],"2":[1,1],"3":[2,1],"4":[2],"5":[2],"6":[1,2],"7":[3,2]},"_coverageSchema":"1a1c01bbd47fc00a2c39e90264f33305004495a9","hash":"39dce37110a7c87049f06e5783bb07360bf91dab"}
}
