{"/Users/yangke/Personal/own/FlowMem/src/utils/checks.js": {"path":"/Users/yangke/Personal/own/FlowMem/src/utils/checks.js","statementMap":{"0":{"start":{"line":1,"column":13},"end":{"line":1,"column":28}},"1":{"start":{"line":2,"column":11},"end":{"line":2,"column":30}},"2":{"start":{"line":3,"column":112},"end":{"line":3,"column":136}},"3":{"start":{"line":5,"column":15},"end":{"line":18,"column":1}},"4":{"start":{"line":21,"column":22},"end":{"line":21,"column":70}},"5":{"start":{"line":23,"column":2},"end":{"line":29,"column":3}},"6":{"start":{"line":24,"column":4},"end":{"line":28,"column":6}},"7":{"start":{"line":31,"column":15},"end":{"line":31,"column":16}},"8":{"start":{"line":33,"column":2},"end":{"line":37,"column":4}},"9":{"start":{"line":41,"column":22},"end":{"line":41,"column":71}},"10":{"start":{"line":43,"column":2},"end":{"line":49,"column":3}},"11":{"start":{"line":44,"column":4},"end":{"line":48,"column":6}},"12":{"start":{"line":51,"column":2},"end":{"line":55,"column":4}},"13":{"start":{"line":59,"column":22},"end":{"line":59,"column":71}},"14":{"start":{"line":61,"column":2},"end":{"line":67,"column":3}},"15":{"start":{"line":62,"column":4},"end":{"line":66,"column":6}},"16":{"start":{"line":69,"column":2},"end":{"line":73,"column":4}},"17":{"start":{"line":77,"column":22},"end":{"line":77,"column":71}},"18":{"start":{"line":78,"column":2},"end":{"line":80,"column":3}},"19":{"start":{"line":79,"column":4},"end":{"line":79,"column":69}},"20":{"start":{"line":82,"column":18},"end":{"line":82,"column":57}},"21":{"start":{"line":83,"column":16},"end":{"line":83,"column":42}},"22":{"start":{"line":85,"column":2},"end":{"line":89,"column":4}},"23":{"start":{"line":93,"column":22},"end":{"line":93,"column":71}},"24":{"start":{"line":95,"column":2},"end":{"line":101,"column":3}},"25":{"start":{"line":96,"column":4},"end":{"line":100,"column":6}},"26":{"start":{"line":103,"column":18},"end":{"line":103,"column":57}},"27":{"start":{"line":104,"column":16},"end":{"line":104,"column":42}},"28":{"start":{"line":106,"column":17},"end":{"line":106,"column":68}},"29":{"start":{"line":108,"column":17},"end":{"line":108,"column":29}},"30":{"start":{"line":109,"column":19},"end":{"line":109,"column":30}},"31":{"start":{"line":111,"column":2},"end":{"line":116,"column":4}},"32":{"start":{"line":120,"column":19},"end":{"line":120,"column":69}},"33":{"start":{"line":122,"column":2},"end":{"line":128,"column":3}},"34":{"start":{"line":123,"column":4},"end":{"line":127,"column":6}},"35":{"start":{"line":130,"column":2},"end":{"line":151,"column":3}},"36":{"start":{"line":131,"column":30},"end":{"line":131,"column":53}},"37":{"start":{"line":132,"column":18},"end":{"line":132,"column":39}},"38":{"start":{"line":134,"column":4},"end":{"line":144,"column":6}},"39":{"start":{"line":140,"column":37},"end":{"line":140,"column":74}},"40":{"start":{"line":141,"column":41},"end":{"line":141,"column":84}},"41":{"start":{"line":142,"column":37},"end":{"line":142,"column":47}},"42":{"start":{"line":146,"column":4},"end":{"line":150,"column":6}},"43":{"start":{"line":155,"column":22},"end":{"line":155,"column":71}},"44":{"start":{"line":156,"column":19},"end":{"line":156,"column":69}},"45":{"start":{"line":158,"column":21},"end":{"line":158,"column":47}},"46":{"start":{"line":159,"column":18},"end":{"line":159,"column":41}},"47":{"start":{"line":161,"column":2},"end":{"line":165,"column":4}},"48":{"start":{"line":169,"column":22},"end":{"line":169,"column":71}},"49":{"start":{"line":171,"column":2},"end":{"line":177,"column":3}},"50":{"start":{"line":172,"column":4},"end":{"line":176,"column":6}},"51":{"start":{"line":179,"column":18},"end":{"line":179,"column":57}},"52":{"start":{"line":181,"column":23},"end":{"line":181,"column":58}},"53":{"start":{"line":183,"column":2},"end":{"line":187,"column":4}},"54":{"start":{"line":191,"column":22},"end":{"line":191,"column":71}},"55":{"start":{"line":192,"column":19},"end":{"line":192,"column":69}},"56":{"start":{"line":193,"column":21},"end":{"line":193,"column":67}},"57":{"start":{"line":195,"column":24},"end":{"line":195,"column":77}},"58":{"start":{"line":197,"column":2},"end":{"line":203,"column":3}},"59":{"start":{"line":198,"column":4},"end":{"line":202,"column":6}},"60":{"start":{"line":205,"column":18},"end":{"line":205,"column":85}},"61":{"start":{"line":206,"column":16},"end":{"line":206,"column":61}},"62":{"start":{"line":207,"column":20},"end":{"line":207,"column":60}},"63":{"start":{"line":209,"column":24},"end":{"line":209,"column":56}},"64":{"start":{"line":211,"column":2},"end":{"line":217,"column":3}},"65":{"start":{"line":212,"column":4},"end":{"line":216,"column":6}},"66":{"start":{"line":219,"column":21},"end":{"line":219,"column":46}},"67":{"start":{"line":221,"column":2},"end":{"line":225,"column":4}},"68":{"start":{"line":229,"column":22},"end":{"line":229,"column":57}},"69":{"start":{"line":231,"column":2},"end":{"line":237,"column":3}},"70":{"start":{"line":232,"column":4},"end":{"line":236,"column":6}},"71":{"start":{"line":239,"column":2},"end":{"line":243,"column":4}},"72":{"start":{"line":247,"column":19},"end":{"line":247,"column":69}},"73":{"start":{"line":249,"column":2},"end":{"line":255,"column":3}},"74":{"start":{"line":250,"column":4},"end":{"line":254,"column":6}},"75":{"start":{"line":257,"column":2},"end":{"line":305,"column":3}},"76":{"start":{"line":258,"column":30},"end":{"line":258,"column":53}},"77":{"start":{"line":260,"column":4},"end":{"line":266,"column":5}},"78":{"start":{"line":261,"column":6},"end":{"line":265,"column":8}},"79":{"start":{"line":268,"column":28},"end":{"line":268,"column":55}},"80":{"start":{"line":269,"column":26},"end":{"line":269,"column":59}},"81":{"start":{"line":271,"column":4},"end":{"line":280,"column":5}},"82":{"start":{"line":272,"column":6},"end":{"line":279,"column":8}},"83":{"start":{"line":282,"column":4},"end":{"line":290,"column":5}},"84":{"start":{"line":283,"column":6},"end":{"line":289,"column":8}},"85":{"start":{"line":292,"column":4},"end":{"line":298,"column":6}},"86":{"start":{"line":296,"column":52},"end":{"line":296,"column":87}},"87":{"start":{"line":300,"column":4},"end":{"line":304,"column":6}},"88":{"start":{"line":309,"column":19},"end":{"line":309,"column":69}},"89":{"start":{"line":311,"column":2},"end":{"line":317,"column":3}},"90":{"start":{"line":312,"column":4},"end":{"line":316,"column":6}},"91":{"start":{"line":319,"column":2},"end":{"line":365,"column":3}},"92":{"start":{"line":320,"column":30},"end":{"line":320,"column":53}},"93":{"start":{"line":322,"column":4},"end":{"line":328,"column":5}},"94":{"start":{"line":323,"column":6},"end":{"line":327,"column":8}},"95":{"start":{"line":330,"column":25},"end":{"line":330,"column":27}},"96":{"start":{"line":332,"column":4},"end":{"line":339,"column":7}},"97":{"start":{"line":333,"column":6},"end":{"line":338,"column":7}},"98":{"start":{"line":334,"column":8},"end":{"line":337,"column":11}},"99":{"start":{"line":341,"column":4},"end":{"line":350,"column":5}},"100":{"start":{"line":342,"column":6},"end":{"line":349,"column":8}},"101":{"start":{"line":352,"column":4},"end":{"line":358,"column":6}},"102":{"start":{"line":356,"column":45},"end":{"line":356,"column":55}},"103":{"start":{"line":360,"column":4},"end":{"line":364,"column":6}},"104":{"start":{"line":369,"column":18},"end":{"line":369,"column":35}},"105":{"start":{"line":370,"column":2},"end":{"line":372,"column":3}},"106":{"start":{"line":371,"column":4},"end":{"line":371,"column":44}},"107":{"start":{"line":374,"column":2},"end":{"line":374,"column":36}},"108":{"start":{"line":378,"column":18},"end":{"line":378,"column":20}},"109":{"start":{"line":380,"column":2},"end":{"line":382,"column":3}},"110":{"start":{"line":381,"column":4},"end":{"line":381,"column":47}},"111":{"start":{"line":384,"column":2},"end":{"line":384,"column":17}},"112":{"start":{"line":387,"column":0},"end":{"line":391,"column":2}}},"fnMap":{"0":{"name":"checkDebt","decl":{"start":{"line":20,"column":15},"end":{"line":20,"column":24}},"loc":{"start":{"line":20,"column":38},"end":{"line":38,"column":1}},"line":20},"1":{"name":"checkSync","decl":{"start":{"line":40,"column":15},"end":{"line":40,"column":24}},"loc":{"start":{"line":40,"column":38},"end":{"line":56,"column":1}},"line":40},"2":{"name":"checkProject","decl":{"start":{"line":58,"column":15},"end":{"line":58,"column":27}},"loc":{"start":{"line":58,"column":41},"end":{"line":74,"column":1}},"line":58},"3":{"name":"checkSize","decl":{"start":{"line":76,"column":15},"end":{"line":76,"column":24}},"loc":{"start":{"line":76,"column":38},"end":{"line":90,"column":1}},"line":76},"4":{"name":"checkRequestSize","decl":{"start":{"line":92,"column":15},"end":{"line":92,"column":31}},"loc":{"start":{"line":92,"column":45},"end":{"line":117,"column":1}},"line":92},"5":{"name":"checkTodo","decl":{"start":{"line":119,"column":15},"end":{"line":119,"column":24}},"loc":{"start":{"line":119,"column":38},"end":{"line":152,"column":1}},"line":119},"6":{"name":"(anonymous_6)","decl":{"start":{"line":140,"column":32},"end":{"line":140,"column":33}},"loc":{"start":{"line":140,"column":37},"end":{"line":140,"column":74}},"line":140},"7":{"name":"(anonymous_7)","decl":{"start":{"line":141,"column":36},"end":{"line":141,"column":37}},"loc":{"start":{"line":141,"column":41},"end":{"line":141,"column":84}},"line":141},"8":{"name":"(anonymous_8)","decl":{"start":{"line":142,"column":32},"end":{"line":142,"column":33}},"loc":{"start":{"line":142,"column":37},"end":{"line":142,"column":47}},"line":142},"9":{"name":"checkActive","decl":{"start":{"line":154,"column":15},"end":{"line":154,"column":26}},"loc":{"start":{"line":154,"column":40},"end":{"line":166,"column":1}},"line":154},"10":{"name":"checkConfirmed","decl":{"start":{"line":168,"column":15},"end":{"line":168,"column":29}},"loc":{"start":{"line":168,"column":43},"end":{"line":188,"column":1}},"line":168},"11":{"name":"checkArchive","decl":{"start":{"line":190,"column":15},"end":{"line":190,"column":27}},"loc":{"start":{"line":190,"column":41},"end":{"line":226,"column":1}},"line":190},"12":{"name":"checkStructure","decl":{"start":{"line":228,"column":15},"end":{"line":228,"column":29}},"loc":{"start":{"line":228,"column":43},"end":{"line":244,"column":1}},"line":228},"13":{"name":"checkDependencies","decl":{"start":{"line":246,"column":15},"end":{"line":246,"column":32}},"loc":{"start":{"line":246,"column":46},"end":{"line":306,"column":1}},"line":246},"14":{"name":"(anonymous_14)","decl":{"start":{"line":296,"column":40},"end":{"line":296,"column":41}},"loc":{"start":{"line":296,"column":52},"end":{"line":296,"column":87}},"line":296},"15":{"name":"checkTimeFormat","decl":{"start":{"line":308,"column":15},"end":{"line":308,"column":30}},"loc":{"start":{"line":308,"column":44},"end":{"line":366,"column":1}},"line":308},"16":{"name":"(anonymous_16)","decl":{"start":{"line":332,"column":18},"end":{"line":332,"column":19}},"loc":{"start":{"line":332,"column":26},"end":{"line":339,"column":5}},"line":332},"17":{"name":"(anonymous_17)","decl":{"start":{"line":356,"column":40},"end":{"line":356,"column":41}},"loc":{"start":{"line":356,"column":45},"end":{"line":356,"column":55}},"line":356},"18":{"name":"runCheck","decl":{"start":{"line":368,"column":15},"end":{"line":368,"column":23}},"loc":{"start":{"line":368,"column":48},"end":{"line":375,"column":1}},"line":368},"19":{"name":"runAllChecks","decl":{"start":{"line":377,"column":15},"end":{"line":377,"column":27}},"loc":{"start":{"line":377,"column":41},"end":{"line":385,"column":1}},"line":377}},"branchMap":{"0":{"loc":{"start":{"line":23,"column":2},"end":{"line":29,"column":3}},"type":"if","locations":[{"start":{"line":23,"column":2},"end":{"line":29,"column":3}},{"start":{},"end":{}}],"line":23},"1":{"loc":{"start":{"line":35,"column":13},"end":{"line":35,"column":65}},"type":"cond-expr","locations":[{"start":{"line":35,"column":24},"end":{"line":35,"column":44}},{"start":{"line":35,"column":47},"end":{"line":35,"column":65}}],"line":35},"2":{"loc":{"start":{"line":43,"column":2},"end":{"line":49,"column":3}},"type":"if","locations":[{"start":{"line":43,"column":2},"end":{"line":49,"column":3}},{"start":{},"end":{}}],"line":43},"3":{"loc":{"start":{"line":61,"column":2},"end":{"line":67,"column":3}},"type":"if","locations":[{"start":{"line":61,"column":2},"end":{"line":67,"column":3}},{"start":{},"end":{}}],"line":61},"4":{"loc":{"start":{"line":78,"column":2},"end":{"line":80,"column":3}},"type":"if","locations":[{"start":{"line":78,"column":2},"end":{"line":80,"column":3}},{"start":{},"end":{}}],"line":78},"5":{"loc":{"start":{"line":87,"column":13},"end":{"line":87,"column":81}},"type":"cond-expr","locations":[{"start":{"line":87,"column":28},"end":{"line":87,"column":44}},{"start":{"line":87,"column":47},"end":{"line":87,"column":81}}],"line":87},"6":{"loc":{"start":{"line":95,"column":2},"end":{"line":101,"column":3}},"type":"if","locations":[{"start":{"line":95,"column":2},"end":{"line":101,"column":3}},{"start":{},"end":{}}],"line":95},"7":{"loc":{"start":{"line":106,"column":18},"end":{"line":106,"column":60}},"type":"binary-expr","locations":[{"start":{"line":106,"column":18},"end":{"line":106,"column":54}},{"start":{"line":106,"column":58},"end":{"line":106,"column":60}}],"line":106},"8":{"loc":{"start":{"line":112,"column":10},"end":{"line":112,"column":28}},"type":"binary-expr","locations":[{"start":{"line":112,"column":10},"end":{"line":112,"column":16}},{"start":{"line":112,"column":20},"end":{"line":112,"column":28}}],"line":112},"9":{"loc":{"start":{"line":113,"column":13},"end":{"line":114,"column":54}},"type":"cond-expr","locations":[{"start":{"line":113,"column":34},"end":{"line":113,"column":50}},{"start":{"line":114,"column":13},"end":{"line":114,"column":54}}],"line":113},"10":{"loc":{"start":{"line":113,"column":13},"end":{"line":113,"column":31}},"type":"binary-expr","locations":[{"start":{"line":113,"column":13},"end":{"line":113,"column":19}},{"start":{"line":113,"column":23},"end":{"line":113,"column":31}}],"line":113},"11":{"loc":{"start":{"line":122,"column":2},"end":{"line":128,"column":3}},"type":"if","locations":[{"start":{"line":122,"column":2},"end":{"line":128,"column":3}},{"start":{},"end":{}}],"line":122},"12":{"loc":{"start":{"line":140,"column":37},"end":{"line":140,"column":74}},"type":"binary-expr","locations":[{"start":{"line":140,"column":37},"end":{"line":140,"column":47}},{"start":{"line":140,"column":51},"end":{"line":140,"column":74}}],"line":140},"13":{"loc":{"start":{"line":141,"column":41},"end":{"line":141,"column":84}},"type":"binary-expr","locations":[{"start":{"line":141,"column":41},"end":{"line":141,"column":55}},{"start":{"line":141,"column":59},"end":{"line":141,"column":84}}],"line":141},"14":{"loc":{"start":{"line":163,"column":13},"end":{"line":163,"column":56}},"type":"cond-expr","locations":[{"start":{"line":163,"column":37},"end":{"line":163,"column":46}},{"start":{"line":163,"column":49},"end":{"line":163,"column":56}}],"line":163},"15":{"loc":{"start":{"line":163,"column":13},"end":{"line":163,"column":34}},"type":"binary-expr","locations":[{"start":{"line":163,"column":13},"end":{"line":163,"column":23}},{"start":{"line":163,"column":27},"end":{"line":163,"column":34}}],"line":163},"16":{"loc":{"start":{"line":171,"column":2},"end":{"line":177,"column":3}},"type":"if","locations":[{"start":{"line":171,"column":2},"end":{"line":177,"column":3}},{"start":{},"end":{}}],"line":171},"17":{"loc":{"start":{"line":185,"column":13},"end":{"line":185,"column":57}},"type":"cond-expr","locations":[{"start":{"line":185,"column":28},"end":{"line":185,"column":41}},{"start":{"line":185,"column":44},"end":{"line":185,"column":57}}],"line":185},"18":{"loc":{"start":{"line":195,"column":24},"end":{"line":195,"column":77}},"type":"binary-expr","locations":[{"start":{"line":195,"column":24},"end":{"line":195,"column":50}},{"start":{"line":195,"column":54},"end":{"line":195,"column":77}}],"line":195},"19":{"loc":{"start":{"line":197,"column":2},"end":{"line":203,"column":3}},"type":"if","locations":[{"start":{"line":197,"column":2},"end":{"line":203,"column":3}},{"start":{},"end":{}}],"line":197},"20":{"loc":{"start":{"line":205,"column":18},"end":{"line":205,"column":85}},"type":"cond-expr","locations":[{"start":{"line":205,"column":44},"end":{"line":205,"column":80}},{"start":{"line":205,"column":83},"end":{"line":205,"column":85}}],"line":205},"21":{"loc":{"start":{"line":206,"column":17},"end":{"line":206,"column":53}},"type":"binary-expr","locations":[{"start":{"line":206,"column":17},"end":{"line":206,"column":47}},{"start":{"line":206,"column":51},"end":{"line":206,"column":53}}],"line":206},"22":{"loc":{"start":{"line":207,"column":21},"end":{"line":207,"column":52}},"type":"binary-expr","locations":[{"start":{"line":207,"column":21},"end":{"line":207,"column":46}},{"start":{"line":207,"column":50},"end":{"line":207,"column":52}}],"line":207},"23":{"loc":{"start":{"line":209,"column":24},"end":{"line":209,"column":56}},"type":"binary-expr","locations":[{"start":{"line":209,"column":24},"end":{"line":209,"column":33}},{"start":{"line":209,"column":37},"end":{"line":209,"column":56}}],"line":209},"24":{"loc":{"start":{"line":211,"column":2},"end":{"line":217,"column":3}},"type":"if","locations":[{"start":{"line":211,"column":2},"end":{"line":217,"column":3}},{"start":{},"end":{}}],"line":211},"25":{"loc":{"start":{"line":222,"column":10},"end":{"line":222,"column":38}},"type":"binary-expr","locations":[{"start":{"line":222,"column":10},"end":{"line":222,"column":24}},{"start":{"line":222,"column":28},"end":{"line":222,"column":38}}],"line":222},"26":{"loc":{"start":{"line":223,"column":13},"end":{"line":223,"column":46}},"type":"cond-expr","locations":[{"start":{"line":223,"column":26},"end":{"line":223,"column":32}},{"start":{"line":223,"column":35},"end":{"line":223,"column":46}}],"line":223},"27":{"loc":{"start":{"line":231,"column":2},"end":{"line":237,"column":3}},"type":"if","locations":[{"start":{"line":231,"column":2},"end":{"line":237,"column":3}},{"start":{},"end":{}}],"line":231},"28":{"loc":{"start":{"line":249,"column":2},"end":{"line":255,"column":3}},"type":"if","locations":[{"start":{"line":249,"column":2},"end":{"line":255,"column":3}},{"start":{},"end":{}}],"line":249},"29":{"loc":{"start":{"line":260,"column":4},"end":{"line":266,"column":5}},"type":"if","locations":[{"start":{"line":260,"column":4},"end":{"line":266,"column":5}},{"start":{},"end":{}}],"line":260},"30":{"loc":{"start":{"line":271,"column":4},"end":{"line":280,"column":5}},"type":"if","locations":[{"start":{"line":271,"column":4},"end":{"line":280,"column":5}},{"start":{},"end":{}}],"line":271},"31":{"loc":{"start":{"line":282,"column":4},"end":{"line":290,"column":5}},"type":"if","locations":[{"start":{"line":282,"column":4},"end":{"line":290,"column":5}},{"start":{},"end":{}}],"line":282},"32":{"loc":{"start":{"line":296,"column":59},"end":{"line":296,"column":86}},"type":"binary-expr","locations":[{"start":{"line":296,"column":59},"end":{"line":296,"column":81}},{"start":{"line":296,"column":85},"end":{"line":296,"column":86}}],"line":296},"33":{"loc":{"start":{"line":311,"column":2},"end":{"line":317,"column":3}},"type":"if","locations":[{"start":{"line":311,"column":2},"end":{"line":317,"column":3}},{"start":{},"end":{}}],"line":311},"34":{"loc":{"start":{"line":322,"column":4},"end":{"line":328,"column":5}},"type":"if","locations":[{"start":{"line":322,"column":4},"end":{"line":328,"column":5}},{"start":{},"end":{}}],"line":322},"35":{"loc":{"start":{"line":333,"column":6},"end":{"line":338,"column":7}},"type":"if","locations":[{"start":{"line":333,"column":6},"end":{"line":338,"column":7}},{"start":{},"end":{}}],"line":333},"36":{"loc":{"start":{"line":333,"column":10},"end":{"line":333,"column":61}},"type":"binary-expr","locations":[{"start":{"line":333,"column":10},"end":{"line":333,"column":23}},{"start":{"line":333,"column":27},"end":{"line":333,"column":61}}],"line":333},"37":{"loc":{"start":{"line":341,"column":4},"end":{"line":350,"column":5}},"type":"if","locations":[{"start":{"line":341,"column":4},"end":{"line":350,"column":5}},{"start":{},"end":{}}],"line":341},"38":{"loc":{"start":{"line":370,"column":2},"end":{"line":372,"column":3}},"type":"if","locations":[{"start":{"line":370,"column":2},"end":{"line":372,"column":3}},{"start":{},"end":{}}],"line":370}},"s":{"0":1,"1":1,"2":1,"3":1,"4":1,"5":1,"6":1,"7":0,"8":0,"9":1,"10":1,"11":1,"12":0,"13":1,"14":1,"15":0,"16":1,"17":3,"18":3,"19":0,"20":3,"21":3,"22":3,"23":1,"24":1,"25":1,"26":0,"27":0,"28":0,"29":0,"30":0,"31":0,"32":2,"33":2,"34":1,"35":1,"36":1,"37":1,"38":1,"39":1,"40":5,"41":1,"42":0,"43":1,"44":1,"45":1,"46":1,"47":1,"48":3,"49":3,"50":1,"51":2,"52":2,"53":2,"54":1,"55":1,"56":1,"57":1,"58":1,"59":1,"60":0,"61":0,"62":0,"63":0,"64":0,"65":0,"66":0,"67":0,"68":3,"69":3,"70":1,"71":2,"72":1,"73":1,"74":1,"75":0,"76":0,"77":0,"78":0,"79":0,"80":0,"81":0,"82":0,"83":0,"84":0,"85":0,"86":0,"87":0,"88":1,"89":1,"90":1,"91":0,"92":0,"93":0,"94":0,"95":0,"96":0,"97":0,"98":0,"99":0,"100":0,"101":0,"102":0,"103":0,"104":7,"105":7,"106":0,"107":7,"108":1,"109":1,"110":12,"111":1,"112":1},"f":{"0":1,"1":1,"2":1,"3":3,"4":1,"5":2,"6":1,"7":5,"8":1,"9":1,"10":3,"11":1,"12":3,"13":1,"14":0,"15":1,"16":0,"17":0,"18":7,"19":1},"b":{"0":[1,0],"1":[0,0],"2":[1,0],"3":[0,1],"4":[0,3],"5":[2,1],"6":[1,0],"7":[0,0],"8":[0,0],"9":[0,0],"10":[0,0],"11":[1,1],"12":[1,1],"13":[5,5],"14":[0,1],"15":[1,1],"16":[1,2],"17":[1,1],"18":[1,1],"19":[1,0],"20":[0,0],"21":[0,0],"22":[0,0],"23":[0,0],"24":[0,0],"25":[0,0],"26":[0,0],"27":[1,2],"28":[1,0],"29":[0,0],"30":[0,0],"31":[0,0],"32":[0,0],"33":[1,0],"34":[0,0],"35":[0,0],"36":[0,0],"37":[0,0],"38":[0,7]},"_coverageSchema":"1a1c01bbd47fc00a2c39e90264f33305004495a9","hash":"b6531fbb6b5462655e6daee2a2e7778cb372751e"}
,"/Users/yangke/Personal/own/FlowMem/src/utils/detect-adapter.js": {"path":"/Users/yangke/Personal/own/FlowMem/src/utils/detect-adapter.js","statementMap":{"0":{"start":{"line":1,"column":13},"end":{"line":1,"column":28}},"1":{"start":{"line":2,"column":11},"end":{"line":2,"column":30}},"2":{"start":{"line":4,"column":24},"end":{"line":14,"column":1}},"3":{"start":{"line":17,"column":2},"end":{"line":22,"column":3}},"4":{"start":{"line":18,"column":23},"end":{"line":18,"column":53}},"5":{"start":{"line":19,"column":4},"end":{"line":21,"column":5}},"6":{"start":{"line":20,"column":6},"end":{"line":20,"column":21}},"7":{"start":{"line":23,"column":2},"end":{"line":23,"column":23}},"8":{"start":{"line":26,"column":0},"end":{"line":26,"column":35}}},"fnMap":{"0":{"name":"detectAdapter","decl":{"start":{"line":16,"column":9},"end":{"line":16,"column":22}},"loc":{"start":{"line":16,"column":36},"end":{"line":24,"column":1}},"line":16}},"branchMap":{"0":{"loc":{"start":{"line":19,"column":4},"end":{"line":21,"column":5}},"type":"if","locations":[{"start":{"line":19,"column":4},"end":{"line":21,"column":5}},{"start":{},"end":{}}],"line":19}},"s":{"0":1,"1":1,"2":1,"3":9,"4":42,"5":42,"6":8,"7":1,"8":1},"f":{"0":9},"b":{"0":[8,34]},"_coverageSchema":"1a1c01bbd47fc00a2c39e90264f33305004495a9","hash":"bd14cf84994fb85e90f2d9a4cb36562ef0cbf2de"}
,"/Users/yangke/Personal/own/FlowMem/src/utils/file-ops.js": {"path":"/Users/yangke/Personal/own/FlowMem/src/utils/file-ops.js","statementMap":{"0":{"start":{"line":1,"column":13},"end":{"line":1,"column":28}},"1":{"start":{"line":2,"column":11},"end":{"line":2,"column":30}},"2":{"start":{"line":5,"column":28},"end":{"line":5,"column":35}},"3":{"start":{"line":7,"column":2},"end":{"line":9,"column":3}},"4":{"start":{"line":8,"column":4},"end":{"line":8,"column":40}},"5":{"start":{"line":11,"column":2},"end":{"line":11,"column":49}},"6":{"start":{"line":15,"column":28},"end":{"line":15,"column":35}},"7":{"start":{"line":17,"column":2},"end":{"line":19,"column":3}},"8":{"start":{"line":18,"column":4},"end":{"line":18,"column":40}},"9":{"start":{"line":21,"column":2},"end":{"line":21,"column":49}},"10":{"start":{"line":25,"column":2},"end":{"line":25,"column":26}},"11":{"start":{"line":28,"column":0},"end":{"line":32,"column":2}}},"fnMap":{"0":{"name":"copyDirectory","decl":{"start":{"line":4,"column":15},"end":{"line":4,"column":28}},"loc":{"start":{"line":4,"column":54},"end":{"line":12,"column":1}},"line":4},"1":{"name":"copyFile","decl":{"start":{"line":14,"column":15},"end":{"line":14,"column":23}},"loc":{"start":{"line":14,"column":49},"end":{"line":22,"column":1}},"line":14},"2":{"name":"ensureDir","decl":{"start":{"line":24,"column":15},"end":{"line":24,"column":24}},"loc":{"start":{"line":24,"column":30},"end":{"line":26,"column":1}},"line":24}},"branchMap":{"0":{"loc":{"start":{"line":4,"column":40},"end":{"line":4,"column":52}},"type":"default-arg","locations":[{"start":{"line":4,"column":50},"end":{"line":4,"column":52}}],"line":4},"1":{"loc":{"start":{"line":5,"column":10},"end":{"line":5,"column":23}},"type":"default-arg","locations":[{"start":{"line":5,"column":18},"end":{"line":5,"column":23}}],"line":5},"2":{"loc":{"start":{"line":7,"column":2},"end":{"line":9,"column":3}},"type":"if","locations":[{"start":{"line":7,"column":2},"end":{"line":9,"column":3}},{"start":{},"end":{}}],"line":7},"3":{"loc":{"start":{"line":7,"column":6},"end":{"line":7,"column":35}},"type":"binary-expr","locations":[{"start":{"line":7,"column":6},"end":{"line":7,"column":25}},{"start":{"line":7,"column":29},"end":{"line":7,"column":35}}],"line":7},"4":{"loc":{"start":{"line":14,"column":35},"end":{"line":14,"column":47}},"type":"default-arg","locations":[{"start":{"line":14,"column":45},"end":{"line":14,"column":47}}],"line":14},"5":{"loc":{"start":{"line":15,"column":10},"end":{"line":15,"column":23}},"type":"default-arg","locations":[{"start":{"line":15,"column":18},"end":{"line":15,"column":23}}],"line":15},"6":{"loc":{"start":{"line":17,"column":2},"end":{"line":19,"column":3}},"type":"if","locations":[{"start":{"line":17,"column":2},"end":{"line":19,"column":3}},{"start":{},"end":{}}],"line":17},"7":{"loc":{"start":{"line":17,"column":6},"end":{"line":17,"column":35}},"type":"binary-expr","locations":[{"start":{"line":17,"column":6},"end":{"line":17,"column":25}},{"start":{"line":17,"column":29},"end":{"line":17,"column":35}}],"line":17}},"s":{"0":1,"1":1,"2":2,"3":2,"4":1,"5":1,"6":3,"7":3,"8":1,"9":2,"10":2,"11":1},"f":{"0":2,"1":3,"2":2},"b":{"0":[2],"1":[2],"2":[1,1],"3":[2,1],"4":[2],"5":[2],"6":[1,2],"7":[3,2]},"_coverageSchema":"1a1c01bbd47fc00a2c39e90264f33305004495a9","hash":"39dce37110a7c87049f06e5783bb07360bf91dab"}
,"/Users/yangke/Personal/own/FlowMem/src/utils/todo-parser.js": {"path":"/Users/yangke/Personal/own/FlowMem/src/utils/todo-parser.js","statementMap":{"0":{"start":{"line":1,"column":11},"end":{"line":1,"column":30}},"1":{"start":{"line":2,"column":13},"end":{"line":2,"column":31}},"2":{"start":{"line":3,"column":13},"end":{"line":3,"column":28}},"3":{"start":{"line":11,"column":2},"end":{"line":13,"column":3}},"4":{"start":{"line":12,"column":4},"end":{"line":12,"column":51}},"5":{"start":{"line":15,"column":18},"end":{"line":15,"column":52}},"6":{"start":{"line":18,"column":27},"end":{"line":18,"column":62}},"7":{"start":{"line":19,"column":16},"end":{"line":19,"column":47}},"8":{"start":{"line":21,"column":2},"end":{"line":24,"column":3}},"9":{"start":{"line":23,"column":4},"end":{"line":23,"column":38}},"10":{"start":{"line":26,"column":43},"end":{"line":26,"column":48}},"11":{"start":{"line":28,"column":2},"end":{"line":39,"column":3}},"12":{"start":{"line":29,"column":17},"end":{"line":29,"column":42}},"13":{"start":{"line":31,"column":4},"end":{"line":36,"column":6}},"14":{"start":{"line":38,"column":4},"end":{"line":38,"column":49}},"15":{"start":{"line":48,"column":16},"end":{"line":48,"column":18}},"16":{"start":{"line":50,"column":16},"end":{"line":50,"column":35}},"17":{"start":{"line":51,"column":20},"end":{"line":51,"column":67}},"18":{"start":{"line":53,"column":2},"end":{"line":76,"column":3}},"19":{"start":{"line":54,"column":18},"end":{"line":54,"column":39}},"20":{"start":{"line":55,"column":4},"end":{"line":75,"column":5}},"21":{"start":{"line":56,"column":46},"end":{"line":56,"column":51}},"22":{"start":{"line":58,"column":24},"end":{"line":63,"column":7}},"23":{"start":{"line":65,"column":6},"end":{"line":74,"column":9}},"24":{"start":{"line":78,"column":2},"end":{"line":83,"column":4}},"25":{"start":{"line":93,"column":31},"end":{"line":93,"column":36}},"26":{"start":{"line":95,"column":2},"end":{"line":97,"column":3}},"27":{"start":{"line":96,"column":4},"end":{"line":96,"column":39}},"28":{"start":{"line":99,"column":21},"end":{"line":99,"column":58}},"29":{"start":{"line":100,"column":22},"end":{"line":100,"column":61}},"30":{"start":{"line":101,"column":21},"end":{"line":101,"column":40}},"31":{"start":{"line":103,"column":17},"end":{"line":103,"column":40}},"32":{"start":{"line":104,"column":16},"end":{"line":104,"column":38}},"33":{"start":{"line":106,"column":2},"end":{"line":106,"column":46}},"34":{"start":{"line":115,"column":16},"end":{"line":121,"column":3}},"35":{"start":{"line":123,"column":2},"end":{"line":138,"column":5}},"36":{"start":{"line":124,"column":4},"end":{"line":137,"column":5}},"37":{"start":{"line":126,"column":8},"end":{"line":126,"column":26}},"38":{"start":{"line":127,"column":8},"end":{"line":127,"column":14}},"39":{"start":{"line":129,"column":8},"end":{"line":129,"column":27}},"40":{"start":{"line":130,"column":8},"end":{"line":130,"column":14}},"41":{"start":{"line":132,"column":8},"end":{"line":132,"column":24}},"42":{"start":{"line":133,"column":8},"end":{"line":133,"column":14}},"43":{"start":{"line":135,"column":8},"end":{"line":135,"column":26}},"44":{"start":{"line":136,"column":8},"end":{"line":136,"column":14}},"45":{"start":{"line":140,"column":2},"end":{"line":140,"column":15}},"46":{"start":{"line":149,"column":21},"end":{"line":149,"column":22}},"47":{"start":{"line":151,"column":2},"end":{"line":168,"column":5}},"48":{"start":{"line":152,"column":4},"end":{"line":152,"column":31}},"49":{"start":{"line":152,"column":24},"end":{"line":152,"column":31}},"50":{"start":{"line":154,"column":21},"end":{"line":154,"column":48}},"51":{"start":{"line":157,"column":24},"end":{"line":157,"column":50}},"52":{"start":{"line":158,"column":22},"end":{"line":158,"column":48}},"53":{"start":{"line":159,"column":21},"end":{"line":159,"column":47}},"54":{"start":{"line":161,"column":4},"end":{"line":167,"column":5}},"55":{"start":{"line":162,"column":6},"end":{"line":162,"column":47}},"56":{"start":{"line":163,"column":11},"end":{"line":167,"column":5}},"57":{"start":{"line":164,"column":6},"end":{"line":164,"column":50}},"58":{"start":{"line":165,"column":11},"end":{"line":167,"column":5}},"59":{"start":{"line":166,"column":6},"end":{"line":166,"column":53}},"60":{"start":{"line":170,"column":2},"end":{"line":170,"column":38}},"61":{"start":{"line":170,"column":26},"end":{"line":170,"column":38}},"62":{"start":{"line":172,"column":15},"end":{"line":172,"column":50}},"63":{"start":{"line":173,"column":16},"end":{"line":173,"column":58}},"64":{"start":{"line":174,"column":18},"end":{"line":174,"column":35}},"65":{"start":{"line":176,"column":16},"end":{"line":176,"column":18}},"66":{"start":{"line":177,"column":2},"end":{"line":177,"column":39}},"67":{"start":{"line":177,"column":16},"end":{"line":177,"column":39}},"68":{"start":{"line":178,"column":2},"end":{"line":178,"column":41}},"69":{"start":{"line":178,"column":17},"end":{"line":178,"column":41}},"70":{"start":{"line":179,"column":2},"end":{"line":179,"column":45}},"71":{"start":{"line":179,"column":19},"end":{"line":179,"column":45}},"72":{"start":{"line":181,"column":2},"end":{"line":181,"column":25}},"73":{"start":{"line":191,"column":26},"end":{"line":191,"column":30}},"74":{"start":{"line":194,"column":22},"end":{"line":198,"column":4}},"75":{"start":{"line":201,"column":16},"end":{"line":201,"column":37}},"76":{"start":{"line":202,"column":20},"end":{"line":202,"column":45}},"77":{"start":{"line":203,"column":22},"end":{"line":203,"column":48}},"78":{"start":{"line":206,"column":21},"end":{"line":206,"column":78}},"79":{"start":{"line":209,"column":23},"end":{"line":209,"column":66}},"80":{"start":{"line":211,"column":2},"end":{"line":211,"column":52}},"81":{"start":{"line":223,"column":26},"end":{"line":223,"column":30}},"82":{"start":{"line":225,"column":11},"end":{"line":225,"column":51}},"83":{"start":{"line":226,"column":2},"end":{"line":226,"column":72}},"84":{"start":{"line":229,"column":2},"end":{"line":229,"column":31}},"85":{"start":{"line":230,"column":2},"end":{"line":230,"column":32}},"86":{"start":{"line":231,"column":2},"end":{"line":231,"column":95}},"87":{"start":{"line":232,"column":2},"end":{"line":232,"column":97}},"88":{"start":{"line":233,"column":2},"end":{"line":233,"column":91}},"89":{"start":{"line":234,"column":2},"end":{"line":234,"column":97}},"90":{"start":{"line":235,"column":2},"end":{"line":235,"column":27}},"91":{"start":{"line":236,"column":2},"end":{"line":236,"column":21}},"92":{"start":{"line":237,"column":2},"end":{"line":237,"column":38}},"93":{"start":{"line":238,"column":2},"end":{"line":238,"column":18}},"94":{"start":{"line":241,"column":22},"end":{"line":241,"column":65}},"95":{"start":{"line":241,"column":38},"end":{"line":241,"column":64}},"96":{"start":{"line":242,"column":2},"end":{"line":242,"column":20}},"97":{"start":{"line":243,"column":2},"end":{"line":247,"column":3}},"98":{"start":{"line":244,"column":4},"end":{"line":244,"column":74}},"99":{"start":{"line":246,"column":4},"end":{"line":246,"column":25}},"100":{"start":{"line":248,"column":2},"end":{"line":248,"column":18}},"101":{"start":{"line":251,"column":17},"end":{"line":251,"column":19}},"102":{"start":{"line":252,"column":2},"end":{"line":256,"column":5}},"103":{"start":{"line":253,"column":18},"end":{"line":253,"column":37}},"104":{"start":{"line":254,"column":4},"end":{"line":254,"column":43}},"105":{"start":{"line":254,"column":24},"end":{"line":254,"column":43}},"106":{"start":{"line":255,"column":4},"end":{"line":255,"column":29}},"107":{"start":{"line":258,"column":2},"end":{"line":258,"column":25}},"108":{"start":{"line":260,"column":2},"end":{"line":294,"column":5}},"109":{"start":{"line":261,"column":4},"end":{"line":261,"column":29}},"110":{"start":{"line":263,"column":4},"end":{"line":293,"column":7}},"111":{"start":{"line":264,"column":25},"end":{"line":269,"column":27}},"112":{"start":{"line":271,"column":28},"end":{"line":275,"column":29}},"113":{"start":{"line":277,"column":6},"end":{"line":277,"column":66}},"114":{"start":{"line":278,"column":6},"end":{"line":278,"column":108}},"115":{"start":{"line":280,"column":6},"end":{"line":282,"column":7}},"116":{"start":{"line":281,"column":8},"end":{"line":281,"column":43}},"117":{"start":{"line":284,"column":6},"end":{"line":286,"column":7}},"118":{"start":{"line":285,"column":8},"end":{"line":285,"column":58}},"119":{"start":{"line":288,"column":6},"end":{"line":290,"column":7}},"120":{"start":{"line":289,"column":8},"end":{"line":289,"column":68}},"121":{"start":{"line":292,"column":6},"end":{"line":292,"column":17}},"122":{"start":{"line":296,"column":2},"end":{"line":296,"column":18}},"123":{"start":{"line":297,"column":2},"end":{"line":297,"column":25}},"124":{"start":{"line":298,"column":2},"end":{"line":298,"column":58}},"125":{"start":{"line":299,"column":2},"end":{"line":299,"column":45}},"126":{"start":{"line":300,"column":2},"end":{"line":300,"column":52}},"127":{"start":{"line":301,"column":2},"end":{"line":301,"column":44}},"128":{"start":{"line":302,"column":2},"end":{"line":302,"column":41}},"129":{"start":{"line":304,"column":2},"end":{"line":304,"column":12}},"130":{"start":{"line":313,"column":17},"end":{"line":313,"column":19}},"131":{"start":{"line":314,"column":18},"end":{"line":314,"column":47}},"132":{"start":{"line":314,"column":41},"end":{"line":314,"column":45}},"133":{"start":{"line":317,"column":2},"end":{"line":330,"column":5}},"134":{"start":{"line":318,"column":4},"end":{"line":318,"column":69}},"135":{"start":{"line":318,"column":62},"end":{"line":318,"column":69}},"136":{"start":{"line":320,"column":4},"end":{"line":329,"column":7}},"137":{"start":{"line":321,"column":6},"end":{"line":328,"column":7}},"138":{"start":{"line":322,"column":8},"end":{"line":327,"column":11}},"139":{"start":{"line":332,"column":2},"end":{"line":335,"column":4}},"140":{"start":{"line":344,"column":16},"end":{"line":344,"column":18}},"141":{"start":{"line":345,"column":18},"end":{"line":345,"column":27}},"142":{"start":{"line":346,"column":25},"end":{"line":346,"column":34}},"143":{"start":{"line":347,"column":17},"end":{"line":347,"column":19}},"144":{"start":{"line":350,"column":2},"end":{"line":352,"column":5}},"145":{"start":{"line":351,"column":4},"end":{"line":351,"column":45}},"146":{"start":{"line":356,"column":4},"end":{"line":361,"column":5}},"147":{"start":{"line":358,"column":25},"end":{"line":358,"column":43}},"148":{"start":{"line":359,"column":6},"end":{"line":359,"column":53}},"149":{"start":{"line":360,"column":6},"end":{"line":360,"column":18}},"150":{"start":{"line":363,"column":4},"end":{"line":365,"column":5}},"151":{"start":{"line":364,"column":6},"end":{"line":364,"column":19}},"152":{"start":{"line":367,"column":4},"end":{"line":367,"column":22}},"153":{"start":{"line":368,"column":4},"end":{"line":368,"column":29}},"154":{"start":{"line":369,"column":4},"end":{"line":369,"column":20}},"155":{"start":{"line":371,"column":25},"end":{"line":371,"column":42}},"156":{"start":{"line":372,"column":4},"end":{"line":376,"column":5}},"157":{"start":{"line":373,"column":6},"end":{"line":375,"column":7}},"158":{"start":{"line":378,"column":4},"end":{"line":378,"column":32}},"159":{"start":{"line":379,"column":4},"end":{"line":379,"column":17}},"160":{"start":{"line":383,"column":2},"end":{"line":387,"column":5}},"161":{"start":{"line":384,"column":4},"end":{"line":386,"column":5}},"162":{"start":{"line":385,"column":6},"end":{"line":385,"column":16}},"163":{"start":{"line":389,"column":2},"end":{"line":392,"column":4}},"164":{"start":{"line":391,"column":32},"end":{"line":391,"column":49}},"165":{"start":{"line":401,"column":2},"end":{"line":401,"column":29}},"166":{"start":{"line":401,"column":17},"end":{"line":401,"column":29}},"167":{"start":{"line":403,"column":23},"end":{"line":403,"column":39}},"168":{"start":{"line":404,"column":2},"end":{"line":404,"column":51}},"169":{"start":{"line":407,"column":0},"end":{"line":418,"column":2}}},"fnMap":{"0":{"name":"parseTodoList","decl":{"start":{"line":10,"column":9},"end":{"line":10,"column":22}},"loc":{"start":{"line":10,"column":33},"end":{"line":40,"column":1}},"line":10},"1":{"name":"parseLegacyFormat","decl":{"start":{"line":47,"column":9},"end":{"line":47,"column":26}},"loc":{"start":{"line":47,"column":36},"end":{"line":84,"column":1}},"line":47},"2":{"name":"generateProgressBar","decl":{"start":{"line":92,"column":9},"end":{"line":92,"column":28}},"loc":{"start":{"line":92,"column":48},"end":{"line":107,"column":1}},"line":92},"3":{"name":"calculateStats","decl":{"start":{"line":114,"column":9},"end":{"line":114,"column":23}},"loc":{"start":{"line":114,"column":31},"end":{"line":141,"column":1}},"line":114},"4":{"name":"(anonymous_4)","decl":{"start":{"line":123,"column":16},"end":{"line":123,"column":17}},"loc":{"start":{"line":123,"column":24},"end":{"line":138,"column":3}},"line":123},"5":{"name":"calculateTotalTime","decl":{"start":{"line":148,"column":9},"end":{"line":148,"column":27}},"loc":{"start":{"line":148,"column":35},"end":{"line":182,"column":1}},"line":148},"6":{"name":"(anonymous_6)","decl":{"start":{"line":151,"column":16},"end":{"line":151,"column":17}},"loc":{"start":{"line":151,"column":24},"end":{"line":168,"column":3}},"line":151},"7":{"name":"updateTodoList","decl":{"start":{"line":190,"column":9},"end":{"line":190,"column":23}},"loc":{"start":{"line":190,"column":63},"end":{"line":212,"column":1}},"line":190},"8":{"name":"generateMarkdownBody","decl":{"start":{"line":222,"column":9},"end":{"line":222,"column":29}},"loc":{"start":{"line":222,"column":67},"end":{"line":305,"column":1}},"line":222},"9":{"name":"(anonymous_9)","decl":{"start":{"line":241,"column":33},"end":{"line":241,"column":34}},"loc":{"start":{"line":241,"column":38},"end":{"line":241,"column":64}},"line":241},"10":{"name":"(anonymous_10)","decl":{"start":{"line":252,"column":16},"end":{"line":252,"column":17}},"loc":{"start":{"line":252,"column":24},"end":{"line":256,"column":3}},"line":252},"11":{"name":"(anonymous_11)","decl":{"start":{"line":260,"column":30},"end":{"line":260,"column":31}},"loc":{"start":{"line":260,"column":39},"end":{"line":294,"column":3}},"line":260},"12":{"name":"(anonymous_12)","decl":{"start":{"line":263,"column":26},"end":{"line":263,"column":27}},"loc":{"start":{"line":263,"column":34},"end":{"line":293,"column":5}},"line":263},"13":{"name":"validateDependencies","decl":{"start":{"line":312,"column":9},"end":{"line":312,"column":29}},"loc":{"start":{"line":312,"column":37},"end":{"line":336,"column":1}},"line":312},"14":{"name":"(anonymous_14)","decl":{"start":{"line":314,"column":36},"end":{"line":314,"column":37}},"loc":{"start":{"line":314,"column":41},"end":{"line":314,"column":45}},"line":314},"15":{"name":"(anonymous_15)","decl":{"start":{"line":317,"column":16},"end":{"line":317,"column":17}},"loc":{"start":{"line":317,"column":24},"end":{"line":330,"column":3}},"line":317},"16":{"name":"(anonymous_16)","decl":{"start":{"line":320,"column":30},"end":{"line":320,"column":31}},"loc":{"start":{"line":320,"column":39},"end":{"line":329,"column":5}},"line":320},"17":{"name":"detectCircularDependencies","decl":{"start":{"line":343,"column":9},"end":{"line":343,"column":35}},"loc":{"start":{"line":343,"column":43},"end":{"line":393,"column":1}},"line":343},"18":{"name":"(anonymous_18)","decl":{"start":{"line":350,"column":16},"end":{"line":350,"column":17}},"loc":{"start":{"line":350,"column":24},"end":{"line":352,"column":3}},"line":350},"19":{"name":"dfs","decl":{"start":{"line":355,"column":11},"end":{"line":355,"column":14}},"loc":{"start":{"line":355,"column":32},"end":{"line":380,"column":3}},"line":355},"20":{"name":"(anonymous_20)","decl":{"start":{"line":383,"column":29},"end":{"line":383,"column":30}},"loc":{"start":{"line":383,"column":37},"end":{"line":387,"column":3}},"line":383},"21":{"name":"(anonymous_21)","decl":{"start":{"line":391,"column":23},"end":{"line":391,"column":24}},"loc":{"start":{"line":391,"column":32},"end":{"line":391,"column":49}},"line":391},"22":{"name":"validateTimeFormat","decl":{"start":{"line":400,"column":9},"end":{"line":400,"column":27}},"loc":{"start":{"line":400,"column":38},"end":{"line":405,"column":1}},"line":400}},"branchMap":{"0":{"loc":{"start":{"line":11,"column":2},"end":{"line":13,"column":3}},"type":"if","locations":[{"start":{"line":11,"column":2},"end":{"line":13,"column":3}},{"start":{},"end":{}}],"line":11},"1":{"loc":{"start":{"line":21,"column":2},"end":{"line":24,"column":3}},"type":"if","locations":[{"start":{"line":21,"column":2},"end":{"line":24,"column":3}},{"start":{},"end":{}}],"line":21},"2":{"loc":{"start":{"line":32,"column":12},"end":{"line":32,"column":27}},"type":"binary-expr","locations":[{"start":{"line":32,"column":12},"end":{"line":32,"column":21}},{"start":{"line":32,"column":25},"end":{"line":32,"column":27}}],"line":32},"3":{"loc":{"start":{"line":33,"column":13},"end":{"line":33,"column":29}},"type":"binary-expr","locations":[{"start":{"line":33,"column":13},"end":{"line":33,"column":23}},{"start":{"line":33,"column":27},"end":{"line":33,"column":29}}],"line":33},"4":{"loc":{"start":{"line":55,"column":4},"end":{"line":75,"column":5}},"type":"if","locations":[{"start":{"line":55,"column":4},"end":{"line":75,"column":5}},{"start":{},"end":{}}],"line":55},"5":{"loc":{"start":{"line":68,"column":16},"end":{"line":68,"column":50}},"type":"binary-expr","locations":[{"start":{"line":68,"column":16},"end":{"line":68,"column":37}},{"start":{"line":68,"column":41},"end":{"line":68,"column":50}}],"line":68},"6":{"loc":{"start":{"line":92,"column":36},"end":{"line":92,"column":46}},"type":"default-arg","locations":[{"start":{"line":92,"column":44},"end":{"line":92,"column":46}}],"line":92},"7":{"loc":{"start":{"line":95,"column":2},"end":{"line":97,"column":3}},"type":"if","locations":[{"start":{"line":95,"column":2},"end":{"line":97,"column":3}},{"start":{},"end":{}}],"line":95},"8":{"loc":{"start":{"line":124,"column":4},"end":{"line":137,"column":5}},"type":"switch","locations":[{"start":{"line":125,"column":6},"end":{"line":127,"column":14}},{"start":{"line":128,"column":6},"end":{"line":130,"column":14}},{"start":{"line":131,"column":6},"end":{"line":133,"column":14}},{"start":{"line":134,"column":6},"end":{"line":136,"column":14}}],"line":124},"9":{"loc":{"start":{"line":152,"column":4},"end":{"line":152,"column":31}},"type":"if","locations":[{"start":{"line":152,"column":4},"end":{"line":152,"column":31}},{"start":{},"end":{}}],"line":152},"10":{"loc":{"start":{"line":161,"column":4},"end":{"line":167,"column":5}},"type":"if","locations":[{"start":{"line":161,"column":4},"end":{"line":167,"column":5}},{"start":{"line":163,"column":11},"end":{"line":167,"column":5}}],"line":161},"11":{"loc":{"start":{"line":163,"column":11},"end":{"line":167,"column":5}},"type":"if","locations":[{"start":{"line":163,"column":11},"end":{"line":167,"column":5}},{"start":{"line":165,"column":11},"end":{"line":167,"column":5}}],"line":163},"12":{"loc":{"start":{"line":165,"column":11},"end":{"line":167,"column":5}},"type":"if","locations":[{"start":{"line":165,"column":11},"end":{"line":167,"column":5}},{"start":{},"end":{}}],"line":165},"13":{"loc":{"start":{"line":170,"column":2},"end":{"line":170,"column":38}},"type":"if","locations":[{"start":{"line":170,"column":2},"end":{"line":170,"column":38}},{"start":{},"end":{}}],"line":170},"14":{"loc":{"start":{"line":177,"column":2},"end":{"line":177,"column":39}},"type":"if","locations":[{"start":{"line":177,"column":2},"end":{"line":177,"column":39}},{"start":{},"end":{}}],"line":177},"15":{"loc":{"start":{"line":178,"column":2},"end":{"line":178,"column":41}},"type":"if","locations":[{"start":{"line":178,"column":2},"end":{"line":178,"column":41}},{"start":{},"end":{}}],"line":178},"16":{"loc":{"start":{"line":179,"column":2},"end":{"line":179,"column":45}},"type":"if","locations":[{"start":{"line":179,"column":2},"end":{"line":179,"column":45}},{"start":{},"end":{}}],"line":179},"17":{"loc":{"start":{"line":190,"column":40},"end":{"line":190,"column":61}},"type":"default-arg","locations":[{"start":{"line":190,"column":57},"end":{"line":190,"column":61}}],"line":190},"18":{"loc":{"start":{"line":225,"column":22},"end":{"line":225,"column":45}},"type":"binary-expr","locations":[{"start":{"line":225,"column":22},"end":{"line":225,"column":32}},{"start":{"line":225,"column":36},"end":{"line":225,"column":45}}],"line":225},"19":{"loc":{"start":{"line":226,"column":36},"end":{"line":226,"column":64}},"type":"binary-expr","locations":[{"start":{"line":226,"column":36},"end":{"line":226,"column":48}},{"start":{"line":226,"column":52},"end":{"line":226,"column":64}}],"line":226},"20":{"loc":{"start":{"line":231,"column":36},"end":{"line":231,"column":88}},"type":"binary-expr","locations":[{"start":{"line":231,"column":36},"end":{"line":231,"column":83}},{"start":{"line":231,"column":87},"end":{"line":231,"column":88}}],"line":231},"21":{"loc":{"start":{"line":232,"column":37},"end":{"line":232,"column":90}},"type":"binary-expr","locations":[{"start":{"line":232,"column":37},"end":{"line":232,"column":85}},{"start":{"line":232,"column":89},"end":{"line":232,"column":90}}],"line":232},"22":{"loc":{"start":{"line":233,"column":34},"end":{"line":233,"column":84}},"type":"binary-expr","locations":[{"start":{"line":233,"column":34},"end":{"line":233,"column":79}},{"start":{"line":233,"column":83},"end":{"line":233,"column":84}}],"line":233},"23":{"loc":{"start":{"line":234,"column":36},"end":{"line":234,"column":88}},"type":"binary-expr","locations":[{"start":{"line":234,"column":36},"end":{"line":234,"column":83}},{"start":{"line":234,"column":87},"end":{"line":234,"column":88}}],"line":234},"24":{"loc":{"start":{"line":243,"column":2},"end":{"line":247,"column":3}},"type":"if","locations":[{"start":{"line":243,"column":2},"end":{"line":247,"column":3}},{"start":{"line":245,"column":9},"end":{"line":247,"column":3}}],"line":243},"25":{"loc":{"start":{"line":253,"column":18},"end":{"line":253,"column":37}},"type":"binary-expr","locations":[{"start":{"line":253,"column":18},"end":{"line":253,"column":28}},{"start":{"line":253,"column":32},"end":{"line":253,"column":37}}],"line":253},"26":{"loc":{"start":{"line":254,"column":4},"end":{"line":254,"column":43}},"type":"if","locations":[{"start":{"line":254,"column":4},"end":{"line":254,"column":43}},{"start":{},"end":{}}],"line":254},"27":{"loc":{"start":{"line":264,"column":25},"end":{"line":269,"column":27}},"type":"binary-expr","locations":[{"start":{"line":264,"column":25},"end":{"line":269,"column":20}},{"start":{"line":269,"column":24},"end":{"line":269,"column":27}}],"line":264},"28":{"loc":{"start":{"line":271,"column":28},"end":{"line":275,"column":29}},"type":"binary-expr","locations":[{"start":{"line":271,"column":28},"end":{"line":275,"column":22}},{"start":{"line":275,"column":26},"end":{"line":275,"column":29}}],"line":271},"29":{"loc":{"start":{"line":280,"column":6},"end":{"line":282,"column":7}},"type":"if","locations":[{"start":{"line":280,"column":6},"end":{"line":282,"column":7}},{"start":{},"end":{}}],"line":280},"30":{"loc":{"start":{"line":284,"column":6},"end":{"line":286,"column":7}},"type":"if","locations":[{"start":{"line":284,"column":6},"end":{"line":286,"column":7}},{"start":{},"end":{}}],"line":284},"31":{"loc":{"start":{"line":284,"column":10},"end":{"line":284,"column":59}},"type":"binary-expr","locations":[{"start":{"line":284,"column":10},"end":{"line":284,"column":27}},{"start":{"line":284,"column":31},"end":{"line":284,"column":59}}],"line":284},"32":{"loc":{"start":{"line":288,"column":6},"end":{"line":290,"column":7}},"type":"if","locations":[{"start":{"line":288,"column":6},"end":{"line":290,"column":7}},{"start":{},"end":{}}],"line":288},"33":{"loc":{"start":{"line":318,"column":4},"end":{"line":318,"column":69}},"type":"if","locations":[{"start":{"line":318,"column":4},"end":{"line":318,"column":69}},{"start":{},"end":{}}],"line":318},"34":{"loc":{"start":{"line":318,"column":8},"end":{"line":318,"column":60}},"type":"binary-expr","locations":[{"start":{"line":318,"column":8},"end":{"line":318,"column":26}},{"start":{"line":318,"column":30},"end":{"line":318,"column":60}}],"line":318},"35":{"loc":{"start":{"line":321,"column":6},"end":{"line":328,"column":7}},"type":"if","locations":[{"start":{"line":321,"column":6},"end":{"line":328,"column":7}},{"start":{},"end":{}}],"line":321},"36":{"loc":{"start":{"line":351,"column":21},"end":{"line":351,"column":44}},"type":"binary-expr","locations":[{"start":{"line":351,"column":21},"end":{"line":351,"column":38}},{"start":{"line":351,"column":42},"end":{"line":351,"column":44}}],"line":351},"37":{"loc":{"start":{"line":355,"column":21},"end":{"line":355,"column":30}},"type":"default-arg","locations":[{"start":{"line":355,"column":28},"end":{"line":355,"column":30}}],"line":355},"38":{"loc":{"start":{"line":356,"column":4},"end":{"line":361,"column":5}},"type":"if","locations":[{"start":{"line":356,"column":4},"end":{"line":361,"column":5}},{"start":{},"end":{}}],"line":356},"39":{"loc":{"start":{"line":363,"column":4},"end":{"line":365,"column":5}},"type":"if","locations":[{"start":{"line":363,"column":4},"end":{"line":365,"column":5}},{"start":{},"end":{}}],"line":363},"40":{"loc":{"start":{"line":371,"column":25},"end":{"line":371,"column":42}},"type":"binary-expr","locations":[{"start":{"line":371,"column":25},"end":{"line":371,"column":36}},{"start":{"line":371,"column":40},"end":{"line":371,"column":42}}],"line":371},"41":{"loc":{"start":{"line":373,"column":6},"end":{"line":375,"column":7}},"type":"if","locations":[{"start":{"line":373,"column":6},"end":{"line":375,"column":7}},{"start":{},"end":{}}],"line":373},"42":{"loc":{"start":{"line":384,"column":4},"end":{"line":386,"column":5}},"type":"if","locations":[{"start":{"line":384,"column":4},"end":{"line":386,"column":5}},{"start":{},"end":{}}],"line":384},"43":{"loc":{"start":{"line":401,"column":2},"end":{"line":401,"column":29}},"type":"if","locations":[{"start":{"line":401,"column":2},"end":{"line":401,"column":29}},{"start":{},"end":{}}],"line":401}},"s":{"0":2,"1":2,"2":2,"3":4,"4":1,"5":3,"6":3,"7":3,"8":3,"9":1,"10":2,"11":2,"12":2,"13":2,"14":0,"15":1,"16":1,"17":1,"18":1,"19":3,"20":3,"21":2,"22":2,"23":2,"24":1,"25":4,"26":4,"27":1,"28":3,"29":3,"30":3,"31":3,"32":3,"33":3,"34":4,"35":4,"36":12,"37":5,"38":5,"39":2,"40":2,"41":4,"42":4,"43":1,"44":1,"45":4,"46":5,"47":5,"48":11,"49":1,"50":10,"51":10,"52":10,"53":10,"54":10,"55":4,"56":6,"57":5,"58":1,"59":1,"60":5,"61":0,"62":5,"63":5,"64":5,"65":5,"66":5,"67":1,"68":5,"69":4,"70":5,"71":3,"72":5,"73":1,"74":1,"75":1,"76":1,"77":1,"78":1,"79":1,"80":1,"81":1,"82":1,"83":1,"84":1,"85":1,"86":1,"87":1,"88":1,"89":1,"90":1,"91":1,"92":1,"93":1,"94":1,"95":2,"96":1,"97":1,"98":0,"99":1,"100":1,"101":1,"102":1,"103":2,"104":2,"105":1,"106":2,"107":1,"108":1,"109":1,"110":1,"111":2,"112":2,"113":2,"114":2,"115":2,"116":2,"117":2,"118":1,"119":2,"120":0,"121":2,"122":1,"123":1,"124":1,"125":1,"126":1,"127":1,"128":1,"129":1,"130":2,"131":2,"132":3,"133":2,"134":3,"135":1,"136":2,"137":2,"138":1,"139":2,"140":3,"141":3,"142":3,"143":3,"144":3,"145":8,"146":12,"147":2,"148":2,"149":2,"150":10,"151":2,"152":8,"153":8,"154":8,"155":8,"156":8,"157":7,"158":8,"159":8,"160":3,"161":8,"162":5,"163":3,"164":2,"165":10,"166":1,"167":9,"168":9,"169":2},"f":{"0":4,"1":1,"2":4,"3":4,"4":12,"5":5,"6":11,"7":1,"8":1,"9":2,"10":2,"11":1,"12":2,"13":2,"14":3,"15":3,"16":2,"17":3,"18":8,"19":12,"20":8,"21":2,"22":10},"b":{"0":[1,3],"1":[1,2],"2":[2,0],"3":[2,0],"4":[2,1],"5":[2,0],"6":[1],"7":[1,3],"8":[5,2,4,1],"9":[1,10],"10":[4,6],"11":[5,1],"12":[1,0],"13":[0,5],"14":[1,4],"15":[4,1],"16":[3,2],"17":[1],"18":[1,0],"19":[1,1],"20":[1,0],"21":[1,1],"22":[1,0],"23":[1,1],"24":[0,1],"25":[2,0],"26":[1,1],"27":[2,0],"28":[2,0],"29":[2,0],"30":[1,1],"31":[2,2],"32":[0,2],"33":[1,2],"34":[3,3],"35":[1,1],"36":[8,0],"37":[5],"38":[2,10],"39":[2,8],"40":[8,0],"41":[2,5],"42":[5,3],"43":[1,9]},"_coverageSchema":"1a1c01bbd47fc00a2c39e90264f33305004495a9","hash":"1e830fca2e633118566ec23e31fa867449036a64"}
}
