TN:
SF:src/utils/checks.js
FN:17,checkDebt
FN:37,checkSync
FN:55,checkProject
FN:73,checkSize
FN:89,checkRequestSize
FN:116,checkTodo
FN:141,checkActive
FN:155,checkConfirmed
FN:177,checkArchive
FN:215,checkStructure
FN:233,runCheck
FN:242,runAllChecks
FNF:12
FNH:12
FNDA:1,checkDebt
FNDA:1,checkSync
FNDA:1,checkProject
FNDA:3,checkSize
FNDA:1,checkRequestSize
FNDA:2,checkTodo
FNDA:1,checkActive
FNDA:3,checkConfirmed
FNDA:1,checkArchive
FNDA:3,checkStructure
FNDA:7,runCheck
FNDA:1,runAllChecks
DA:1,1
DA:2,1
DA:4,1
DA:18,1
DA:20,1
DA:21,1
DA:28,0
DA:30,0
DA:38,1
DA:40,1
DA:41,1
DA:48,0
DA:56,1
DA:58,1
DA:59,0
DA:66,1
DA:74,3
DA:75,3
DA:76,0
DA:79,3
DA:80,3
DA:82,3
DA:90,1
DA:92,1
DA:93,1
DA:100,0
DA:101,0
DA:103,0
DA:105,0
DA:106,0
DA:108,0
DA:117,2
DA:119,2
DA:120,1
DA:127,1
DA:129,1
DA:130,1
DA:131,1
DA:132,1
DA:134,1
DA:142,1
DA:143,1
DA:145,1
DA:146,1
DA:148,1
DA:156,3
DA:158,3
DA:159,1
DA:166,2
DA:168,2
DA:170,2
DA:178,1
DA:179,1
DA:180,1
DA:182,1
DA:184,1
DA:185,1
DA:192,0
DA:193,0
DA:194,0
DA:196,0
DA:198,0
DA:199,0
DA:206,0
DA:208,0
DA:216,3
DA:218,3
DA:219,1
DA:226,2
DA:234,7
DA:235,7
DA:236,0
DA:239,7
DA:243,1
DA:245,1
DA:246,10
DA:249,1
DA:252,1
LF:78
LH:58
BRDA:20,0,0,1
BRDA:20,0,1,0
BRDA:32,1,0,0
BRDA:32,1,1,0
BRDA:40,2,0,1
BRDA:40,2,1,0
BRDA:58,3,0,0
BRDA:58,3,1,1
BRDA:75,4,0,0
BRDA:75,4,1,3
BRDA:84,5,0,2
BRDA:84,5,1,1
BRDA:92,6,0,1
BRDA:92,6,1,0
BRDA:103,7,0,0
BRDA:103,7,1,0
BRDA:109,8,0,0
BRDA:109,8,1,0
BRDA:110,9,0,0
BRDA:110,9,1,0
BRDA:110,10,0,0
BRDA:110,10,1,0
BRDA:119,11,0,1
BRDA:119,11,1,1
BRDA:129,12,0,1
BRDA:129,12,1,0
BRDA:130,13,0,1
BRDA:130,13,1,0
BRDA:131,14,0,1
BRDA:131,14,1,0
BRDA:150,15,0,0
BRDA:150,15,1,1
BRDA:150,16,0,1
BRDA:150,16,1,1
BRDA:158,17,0,1
BRDA:158,17,1,2
BRDA:172,18,0,1
BRDA:172,18,1,1
BRDA:182,19,0,1
BRDA:182,19,1,1
BRDA:184,20,0,1
BRDA:184,20,1,0
BRDA:192,21,0,0
BRDA:192,21,1,0
BRDA:193,22,0,0
BRDA:193,22,1,0
BRDA:194,23,0,0
BRDA:194,23,1,0
BRDA:196,24,0,0
BRDA:196,24,1,0
BRDA:198,25,0,0
BRDA:198,25,1,0
BRDA:209,26,0,0
BRDA:209,26,1,0
BRDA:210,27,0,0
BRDA:210,27,1,0
BRDA:218,28,0,1
BRDA:218,28,1,2
BRDA:235,29,0,0
BRDA:235,29,1,7
BRF:60
BRH:25
end_of_record
TN:
SF:src/utils/detect-adapter.js
FN:16,detectAdapter
FNF:1
FNH:1
FNDA:9,detectAdapter
DA:1,1
DA:2,1
DA:4,1
DA:17,9
DA:18,42
DA:19,42
DA:20,8
DA:23,1
DA:26,1
LF:9
LH:9
BRDA:19,0,0,8
BRDA:19,0,1,34
BRF:2
BRH:2
end_of_record
TN:
SF:src/utils/file-ops.js
FN:4,copyDirectory
FN:14,copyFile
FN:24,ensureDir
FNF:3
FNH:3
FNDA:2,copyDirectory
FNDA:3,copyFile
FNDA:2,ensureDir
DA:1,1
DA:2,1
DA:5,2
DA:7,2
DA:8,1
DA:11,1
DA:15,3
DA:17,3
DA:18,1
DA:21,2
DA:25,2
DA:28,1
LF:12
LH:12
BRDA:4,0,0,2
BRDA:5,1,0,2
BRDA:7,2,0,1
BRDA:7,2,1,1
BRDA:7,3,0,2
BRDA:7,3,1,1
BRDA:14,4,0,2
BRDA:15,5,0,2
BRDA:17,6,0,1
BRDA:17,6,1,2
BRDA:17,7,0,3
BRDA:17,7,1,2
BRF:12
BRH:12
end_of_record
