TN:
SF:src/utils/checks.js
FN:20,checkDebt
FN:40,checkSync
FN:58,checkProject
FN:76,checkSize
FN:92,checkRequestSize
FN:119,checkTodo
FN:140,(anonymous_6)
FN:141,(anonymous_7)
FN:142,(anonymous_8)
FN:154,checkActive
FN:168,checkConfirmed
FN:190,checkArchive
FN:228,checkStructure
FN:246,checkDependencies
FN:296,(anonymous_14)
FN:308,checkTimeFormat
FN:332,(anonymous_16)
FN:356,(anonymous_17)
FN:368,runCheck
FN:377,runAllChecks
FNF:20
FNH:17
FNDA:1,checkDebt
FNDA:1,checkSync
FNDA:1,checkProject
FNDA:3,checkSize
FNDA:1,checkRequestSize
FNDA:2,checkTodo
FNDA:1,(anonymous_6)
FNDA:5,(anonymous_7)
FNDA:1,(anonymous_8)
FNDA:1,checkActive
FNDA:3,checkConfirmed
FNDA:1,checkArchive
FNDA:3,checkStructure
FNDA:1,checkDependencies
FNDA:0,(anonymous_14)
FNDA:1,checkTimeFormat
FNDA:0,(anonymous_16)
FNDA:0,(anonymous_17)
FNDA:7,runCheck
FNDA:1,runAllChecks
DA:1,1
DA:2,1
DA:3,1
DA:5,1
DA:21,1
DA:23,1
DA:24,1
DA:31,0
DA:33,0
DA:41,1
DA:43,1
DA:44,1
DA:51,0
DA:59,1
DA:61,1
DA:62,0
DA:69,1
DA:77,3
DA:78,3
DA:79,0
DA:82,3
DA:83,3
DA:85,3
DA:93,1
DA:95,1
DA:96,1
DA:103,0
DA:104,0
DA:106,0
DA:108,0
DA:109,0
DA:111,0
DA:120,2
DA:122,2
DA:123,1
DA:130,1
DA:131,1
DA:132,1
DA:134,1
DA:140,1
DA:141,5
DA:142,1
DA:146,0
DA:155,1
DA:156,1
DA:158,1
DA:159,1
DA:161,1
DA:169,3
DA:171,3
DA:172,1
DA:179,2
DA:181,2
DA:183,2
DA:191,1
DA:192,1
DA:193,1
DA:195,1
DA:197,1
DA:198,1
DA:205,0
DA:206,0
DA:207,0
DA:209,0
DA:211,0
DA:212,0
DA:219,0
DA:221,0
DA:229,3
DA:231,3
DA:232,1
DA:239,2
DA:247,1
DA:249,1
DA:250,1
DA:257,0
DA:258,0
DA:260,0
DA:261,0
DA:268,0
DA:269,0
DA:271,0
DA:272,0
DA:282,0
DA:283,0
DA:292,0
DA:296,0
DA:300,0
DA:309,1
DA:311,1
DA:312,1
DA:319,0
DA:320,0
DA:322,0
DA:323,0
DA:330,0
DA:332,0
DA:333,0
DA:334,0
DA:341,0
DA:342,0
DA:352,0
DA:356,0
DA:360,0
DA:369,7
DA:370,7
DA:371,0
DA:374,7
DA:378,1
DA:380,1
DA:381,12
DA:384,1
DA:387,1
LF:113
LH:66
BRDA:23,0,0,1
BRDA:23,0,1,0
BRDA:35,1,0,0
BRDA:35,1,1,0
BRDA:43,2,0,1
BRDA:43,2,1,0
BRDA:61,3,0,0
BRDA:61,3,1,1
BRDA:78,4,0,0
BRDA:78,4,1,3
BRDA:87,5,0,2
BRDA:87,5,1,1
BRDA:95,6,0,1
BRDA:95,6,1,0
BRDA:106,7,0,0
BRDA:106,7,1,0
BRDA:112,8,0,0
BRDA:112,8,1,0
BRDA:113,9,0,0
BRDA:113,9,1,0
BRDA:113,10,0,0
BRDA:113,10,1,0
BRDA:122,11,0,1
BRDA:122,11,1,1
BRDA:140,12,0,1
BRDA:140,12,1,1
BRDA:141,13,0,5
BRDA:141,13,1,5
BRDA:163,14,0,0
BRDA:163,14,1,1
BRDA:163,15,0,1
BRDA:163,15,1,1
BRDA:171,16,0,1
BRDA:171,16,1,2
BRDA:185,17,0,1
BRDA:185,17,1,1
BRDA:195,18,0,1
BRDA:195,18,1,1
BRDA:197,19,0,1
BRDA:197,19,1,0
BRDA:205,20,0,0
BRDA:205,20,1,0
BRDA:206,21,0,0
BRDA:206,21,1,0
BRDA:207,22,0,0
BRDA:207,22,1,0
BRDA:209,23,0,0
BRDA:209,23,1,0
BRDA:211,24,0,0
BRDA:211,24,1,0
BRDA:222,25,0,0
BRDA:222,25,1,0
BRDA:223,26,0,0
BRDA:223,26,1,0
BRDA:231,27,0,1
BRDA:231,27,1,2
BRDA:249,28,0,1
BRDA:249,28,1,0
BRDA:260,29,0,0
BRDA:260,29,1,0
BRDA:271,30,0,0
BRDA:271,30,1,0
BRDA:282,31,0,0
BRDA:282,31,1,0
BRDA:296,32,0,0
BRDA:296,32,1,0
BRDA:311,33,0,1
BRDA:311,33,1,0
BRDA:322,34,0,0
BRDA:322,34,1,0
BRDA:333,35,0,0
BRDA:333,35,1,0
BRDA:333,36,0,0
BRDA:333,36,1,0
BRDA:341,37,0,0
BRDA:341,37,1,0
BRDA:370,38,0,0
BRDA:370,38,1,7
BRF:78
BRH:28
end_of_record
TN:
SF:src/utils/detect-adapter.js
FN:16,detectAdapter
FNF:1
FNH:1
FNDA:9,detectAdapter
DA:1,1
DA:2,1
DA:4,1
DA:17,9
DA:18,42
DA:19,42
DA:20,8
DA:23,1
DA:26,1
LF:9
LH:9
BRDA:19,0,0,8
BRDA:19,0,1,34
BRF:2
BRH:2
end_of_record
TN:
SF:src/utils/file-ops.js
FN:4,copyDirectory
FN:14,copyFile
FN:24,ensureDir
FNF:3
FNH:3
FNDA:2,copyDirectory
FNDA:3,copyFile
FNDA:2,ensureDir
DA:1,1
DA:2,1
DA:5,2
DA:7,2
DA:8,1
DA:11,1
DA:15,3
DA:17,3
DA:18,1
DA:21,2
DA:25,2
DA:28,1
LF:12
LH:12
BRDA:4,0,0,2
BRDA:5,1,0,2
BRDA:7,2,0,1
BRDA:7,2,1,1
BRDA:7,3,0,2
BRDA:7,3,1,1
BRDA:14,4,0,2
BRDA:15,5,0,2
BRDA:17,6,0,1
BRDA:17,6,1,2
BRDA:17,7,0,3
BRDA:17,7,1,2
BRF:12
BRH:12
end_of_record
TN:
SF:src/utils/todo-parser.js
FN:10,parseTodoList
FN:47,parseLegacyFormat
FN:92,generateProgressBar
FN:114,calculateStats
FN:123,(anonymous_4)
FN:148,calculateTotalTime
FN:151,(anonymous_6)
FN:190,updateTodoList
FN:222,generateMarkdownBody
FN:241,(anonymous_9)
FN:252,(anonymous_10)
FN:260,(anonymous_11)
FN:263,(anonymous_12)
FN:312,validateDependencies
FN:314,(anonymous_14)
FN:317,(anonymous_15)
FN:320,(anonymous_16)
FN:343,detectCircularDependencies
FN:350,(anonymous_18)
FN:355,dfs
FN:383,(anonymous_20)
FN:391,(anonymous_21)
FN:400,validateTimeFormat
FNF:23
FNH:23
FNDA:4,parseTodoList
FNDA:1,parseLegacyFormat
FNDA:4,generateProgressBar
FNDA:4,calculateStats
FNDA:12,(anonymous_4)
FNDA:5,calculateTotalTime
FNDA:11,(anonymous_6)
FNDA:1,updateTodoList
FNDA:1,generateMarkdownBody
FNDA:2,(anonymous_9)
FNDA:2,(anonymous_10)
FNDA:1,(anonymous_11)
FNDA:2,(anonymous_12)
FNDA:2,validateDependencies
FNDA:3,(anonymous_14)
FNDA:3,(anonymous_15)
FNDA:2,(anonymous_16)
FNDA:3,detectCircularDependencies
FNDA:8,(anonymous_18)
FNDA:12,dfs
FNDA:8,(anonymous_20)
FNDA:2,(anonymous_21)
FNDA:10,validateTimeFormat
DA:1,2
DA:2,2
DA:3,2
DA:11,4
DA:12,1
DA:15,3
DA:18,3
DA:19,3
DA:21,3
DA:23,1
DA:26,2
DA:28,2
DA:29,2
DA:31,2
DA:38,0
DA:48,1
DA:50,1
DA:51,1
DA:53,1
DA:54,3
DA:55,3
DA:56,2
DA:58,2
DA:65,2
DA:78,1
DA:93,4
DA:95,4
DA:96,1
DA:99,3
DA:100,3
DA:101,3
DA:103,3
DA:104,3
DA:106,3
DA:115,4
DA:123,4
DA:124,12
DA:126,5
DA:127,5
DA:129,2
DA:130,2
DA:132,4
DA:133,4
DA:135,1
DA:136,1
DA:140,4
DA:149,5
DA:151,5
DA:152,11
DA:154,10
DA:157,10
DA:158,10
DA:159,10
DA:161,10
DA:162,4
DA:163,6
DA:164,5
DA:165,1
DA:166,1
DA:170,5
DA:172,5
DA:173,5
DA:174,5
DA:176,5
DA:177,5
DA:178,5
DA:179,5
DA:181,5
DA:191,1
DA:194,1
DA:201,1
DA:202,1
DA:203,1
DA:206,1
DA:209,1
DA:211,1
DA:223,1
DA:225,1
DA:226,1
DA:229,1
DA:230,1
DA:231,1
DA:232,1
DA:233,1
DA:234,1
DA:235,1
DA:236,1
DA:237,1
DA:238,1
DA:241,2
DA:242,1
DA:243,1
DA:244,0
DA:246,1
DA:248,1
DA:251,1
DA:252,1
DA:253,2
DA:254,2
DA:255,2
DA:258,1
DA:260,1
DA:261,1
DA:263,1
DA:264,2
DA:271,2
DA:277,2
DA:278,2
DA:280,2
DA:281,2
DA:284,2
DA:285,1
DA:288,2
DA:289,0
DA:292,2
DA:296,1
DA:297,1
DA:298,1
DA:299,1
DA:300,1
DA:301,1
DA:302,1
DA:304,1
DA:313,2
DA:314,3
DA:317,2
DA:318,3
DA:320,2
DA:321,2
DA:322,1
DA:332,2
DA:344,3
DA:345,3
DA:346,3
DA:347,3
DA:350,3
DA:351,8
DA:356,12
DA:358,2
DA:359,2
DA:360,2
DA:363,10
DA:364,2
DA:367,8
DA:368,8
DA:369,8
DA:371,8
DA:372,8
DA:373,7
DA:378,8
DA:379,8
DA:383,3
DA:384,8
DA:385,5
DA:389,3
DA:391,2
DA:401,10
DA:403,9
DA:404,9
DA:407,2
LF:160
LH:157
BRDA:11,0,0,1
BRDA:11,0,1,3
BRDA:21,1,0,1
BRDA:21,1,1,2
BRDA:32,2,0,2
BRDA:32,2,1,0
BRDA:33,3,0,2
BRDA:33,3,1,0
BRDA:55,4,0,2
BRDA:55,4,1,1
BRDA:68,5,0,2
BRDA:68,5,1,0
BRDA:92,6,0,1
BRDA:95,7,0,1
BRDA:95,7,1,3
BRDA:124,8,0,5
BRDA:124,8,1,2
BRDA:124,8,2,4
BRDA:124,8,3,1
BRDA:152,9,0,1
BRDA:152,9,1,10
BRDA:161,10,0,4
BRDA:161,10,1,6
BRDA:163,11,0,5
BRDA:163,11,1,1
BRDA:165,12,0,1
BRDA:165,12,1,0
BRDA:170,13,0,0
BRDA:170,13,1,5
BRDA:177,14,0,1
BRDA:177,14,1,4
BRDA:178,15,0,4
BRDA:178,15,1,1
BRDA:179,16,0,3
BRDA:179,16,1,2
BRDA:190,17,0,1
BRDA:225,18,0,1
BRDA:225,18,1,0
BRDA:226,19,0,1
BRDA:226,19,1,1
BRDA:231,20,0,1
BRDA:231,20,1,0
BRDA:232,21,0,1
BRDA:232,21,1,1
BRDA:233,22,0,1
BRDA:233,22,1,0
BRDA:234,23,0,1
BRDA:234,23,1,1
BRDA:243,24,0,0
BRDA:243,24,1,1
BRDA:253,25,0,2
BRDA:253,25,1,0
BRDA:254,26,0,1
BRDA:254,26,1,1
BRDA:264,27,0,2
BRDA:264,27,1,0
BRDA:271,28,0,2
BRDA:271,28,1,0
BRDA:280,29,0,2
BRDA:280,29,1,0
BRDA:284,30,0,1
BRDA:284,30,1,1
BRDA:284,31,0,2
BRDA:284,31,1,2
BRDA:288,32,0,0
BRDA:288,32,1,2
BRDA:318,33,0,1
BRDA:318,33,1,2
BRDA:318,34,0,3
BRDA:318,34,1,3
BRDA:321,35,0,1
BRDA:321,35,1,1
BRDA:351,36,0,8
BRDA:351,36,1,0
BRDA:355,37,0,5
BRDA:356,38,0,2
BRDA:356,38,1,10
BRDA:363,39,0,2
BRDA:363,39,1,8
BRDA:371,40,0,8
BRDA:371,40,1,0
BRDA:373,41,0,2
BRDA:373,41,1,5
BRDA:384,42,0,5
BRDA:384,42,1,3
BRDA:401,43,0,1
BRDA:401,43,1,9
BRF:87
BRH:71
end_of_record
